<?xml version="1.0" encoding="UTF-8" ?>
<testsuite tests="1" failures="0" name="com.hiball.web.test.CallAPIControllerTest" time="3.561" errors="1" skipped="0">
  <properties>
[...]
</properties>
  <testcase classname="com.hiball.web.test.CallAPIControllerTest" name="execute" time="3.561">
    <error message="Failed to load ApplicationContext" type="java.lang.IllegalStateException">java.lang.IllegalStateException: Failed to load ApplicationContext
	at org.springframework.test.context.CacheAwareContextLoaderDelegate.loadContext(CacheAwareContextLoaderDelegate.java:99)
	at org.springframework.test.context.DefaultTestContext.getApplicationContext(DefaultTestContext.java:101)
	at org.springframework.test.context.support.DependencyInjectionTestExecutionListener.injectDependencies(DependencyInjectionTestExecutionListener.java:109)
	at org.springframework.test.context.support.DependencyInjectionTestExecutionListener.prepareTestInstance(DependencyInjectionTestExecutionListener.java:75)
	at org.springframework.test.context.TestContextManager.prepareTestInstance(TestContextManager.java:319)
	at org.springframework.test.context.junit4.SpringJUnit4ClassRunner.createTest(SpringJUnit4ClassRunner.java:212)
	at org.springframework.test.context.junit4.SpringJUnit4ClassRunner$1.runReflectiveCall(SpringJUnit4ClassRunner.java:289)
	at org.junit.internal.runners.model.ReflectiveCallable.run(ReflectiveCallable.java:12)
	at org.springframework.test.context.junit4.SpringJUnit4ClassRunner.methodBlock(SpringJUnit4ClassRunner.java:291)
	at org.springframework.test.context.junit4.SpringJUnit4ClassRunner.runChild(SpringJUnit4ClassRunner.java:232)
	at org.springframework.test.context.junit4.SpringJUnit4ClassRunner.runChild(SpringJUnit4ClassRunner.java:89)
	at org.junit.runners.ParentRunner$3.run(ParentRunner.java:290)
	at org.junit.runners.ParentRunner$1.schedule(ParentRunner.java:71)
	at org.junit.runners.ParentRunner.runChildren(ParentRunner.java:288)
	at org.junit.runners.ParentRunner.access$000(ParentRunner.java:58)
	at org.junit.runners.ParentRunner$2.evaluate(ParentRunner.java:268)
	at org.springframework.test.context.junit4.statements.RunBeforeTestClassCallbacks.evaluate(RunBeforeTestClassCallbacks.java:61)
	at org.springframework.test.context.junit4.statements.RunAfterTestClassCallbacks.evaluate(RunAfterTestClassCallbacks.java:71)
	at org.junit.runners.ParentRunner.run(ParentRunner.java:363)
	at org.springframework.test.context.junit4.SpringJUnit4ClassRunner.run(SpringJUnit4ClassRunner.java:175)
	at org.apache.maven.surefire.junit4.JUnit4Provider.execute(JUnit4Provider.java:252)
	at org.apache.maven.surefire.junit4.JUnit4Provider.executeTestSet(JUnit4Provider.java:141)
	at org.apache.maven.surefire.junit4.JUnit4Provider.invoke(JUnit4Provider.java:112)
	at sun.reflect.NativeMethodAccessorImpl.invoke0(Native Method)
	at sun.reflect.NativeMethodAccessorImpl.invoke(NativeMethodAccessorImpl.java:62)
	at sun.reflect.DelegatingMethodAccessorImpl.invoke(DelegatingMethodAccessorImpl.java:43)
	at java.lang.reflect.Method.invoke(Method.java:498)
	at org.apache.maven.surefire.util.ReflectionUtils.invokeMethodWithArray(ReflectionUtils.java:189)
	at org.apache.maven.surefire.booter.ProviderFactory$ProviderProxy.invoke(ProviderFactory.java:165)
	at org.apache.maven.surefire.booter.ProviderFactory.invokeProvider(ProviderFactory.java:85)
	at org.apache.maven.surefire.booter.ForkedBooter.runSuitesInProcess(ForkedBooter.java:115)
	at org.apache.maven.surefire.booter.ForkedBooter.main(ForkedBooter.java:75)
Caused by: org.springframework.beans.factory.BeanCreationException: Error creating bean with name &apos;apiIntgrationService&apos;: Injection of autowired dependencies failed; nested exception is org.springframework.beans.factory.BeanCreationException: Could not autowire field: javax.servlet.ServletContext com.hiball.web.common.service.impl.APIIntegrationServiceImpl.servletContext; nested exception is org.springframework.beans.factory.NoSuchBeanDefinitionException: No qualifying bean of type [javax.servlet.ServletContext] found for dependency: expected at least 1 bean which qualifies as autowire candidate for this dependency. Dependency annotations: {@org.springframework.beans.factory.annotation.Autowired(required=true)}
	at org.springframework.beans.factory.annotation.AutowiredAnnotationBeanPostProcessor.postProcessPropertyValues(AutowiredAnnotationBeanPostProcessor.java:292)
	at org.springframework.beans.factory.support.AbstractAutowireCapableBeanFactory.populateBean(AbstractAutowireCapableBeanFactory.java:1185)
	at org.springframework.beans.factory.support.AbstractAutowireCapableBeanFactory.doCreateBean(AbstractAutowireCapableBeanFactory.java:537)
	at org.springframework.beans.factory.support.AbstractAutowireCapableBeanFactory.createBean(AbstractAutowireCapableBeanFactory.java:475)
	at org.springframework.beans.factory.support.AbstractBeanFactory$1.getObject(AbstractBeanFactory.java:304)
	at org.springframework.beans.factory.support.DefaultSingletonBeanRegistry.getSingleton(DefaultSingletonBeanRegistry.java:228)
	at org.springframework.beans.factory.support.AbstractBeanFactory.doGetBean(AbstractBeanFactory.java:300)
	at org.springframework.beans.factory.support.AbstractBeanFactory.getBean(AbstractBeanFactory.java:195)
	at org.springframework.beans.factory.support.DefaultListableBeanFactory.preInstantiateSingletons(DefaultListableBeanFactory.java:700)
	at org.springframework.context.support.AbstractApplicationContext.finishBeanFactoryInitialization(AbstractApplicationContext.java:760)
	at org.springframework.context.support.AbstractApplicationContext.refresh(AbstractApplicationContext.java:482)
	at org.springframework.test.context.support.AbstractGenericContextLoader.loadContext(AbstractGenericContextLoader.java:121)
	at org.springframework.test.context.support.AbstractGenericContextLoader.loadContext(AbstractGenericContextLoader.java:60)
	at org.springframework.test.context.support.AbstractDelegatingSmartContextLoader.delegateLoading(AbstractDelegatingSmartContextLoader.java:100)
	at org.springframework.test.context.support.AbstractDelegatingSmartContextLoader.loadContext(AbstractDelegatingSmartContextLoader.java:250)
	at org.springframework.test.context.CacheAwareContextLoaderDelegate.loadContextInternal(CacheAwareContextLoaderDelegate.java:64)
	at org.springframework.test.context.CacheAwareContextLoaderDelegate.loadContext(CacheAwareContextLoaderDelegate.java:91)
	... 31 more
Caused by: org.springframework.beans.factory.BeanCreationException: Could not autowire field: javax.servlet.ServletContext com.hiball.web.common.service.impl.APIIntegrationServiceImpl.servletContext; nested exception is org.springframework.beans.factory.NoSuchBeanDefinitionException: No qualifying bean of type [javax.servlet.ServletContext] found for dependency: expected at least 1 bean which qualifies as autowire candidate for this dependency. Dependency annotations: {@org.springframework.beans.factory.annotation.Autowired(required=true)}
	at org.springframework.beans.factory.annotation.AutowiredAnnotationBeanPostProcessor$AutowiredFieldElement.inject(AutowiredAnnotationBeanPostProcessor.java:508)
	at org.springframework.beans.factory.annotation.InjectionMetadata.inject(InjectionMetadata.java:87)
	at org.springframework.beans.factory.annotation.AutowiredAnnotationBeanPostProcessor.postProcessPropertyValues(AutowiredAnnotationBeanPostProcessor.java:289)
	... 47 more
Caused by: org.springframework.beans.factory.NoSuchBeanDefinitionException: No qualifying bean of type [javax.servlet.ServletContext] found for dependency: expected at least 1 bean which qualifies as autowire candidate for this dependency. Dependency annotations: {@org.springframework.beans.factory.annotation.Autowired(required=true)}
	at org.springframework.beans.factory.support.DefaultListableBeanFactory.raiseNoSuchBeanDefinitionException(DefaultListableBeanFactory.java:1100)
	at org.springframework.beans.factory.support.DefaultListableBeanFactory.doResolveDependency(DefaultListableBeanFactory.java:960)
	at org.springframework.beans.factory.support.DefaultListableBeanFactory.resolveDependency(DefaultListableBeanFactory.java:855)
	at org.springframework.beans.factory.annotation.AutowiredAnnotationBeanPostProcessor$AutowiredFieldElement.inject(AutowiredAnnotationBeanPostProcessor.java:480)
	... 49 more
</error>
    <system-out>[2019/06/30 15:18:31.118] &lt;Hiball_Video&gt; DEBUG o.s.t.c.j.SpringJUnit4ClassRunner - SpringJUnit4ClassRunner constructor called with [class com.hiball.web.test.CallAPIControllerTest].
[2019/06/30 15:18:31.178] &lt;Hiball_Video&gt; DEBUG o.s.t.c.s.AbstractDelegatingSmartContextLoader - Delegating to GenericXmlContextLoader to process context configuration [ContextConfigurationAttributes@57855c9a declaringClass = &apos;com.hiball.web.test.common.AbstractCommonControllerTest&apos;, locations = &apos;{/config/spring-config-root.xml}&apos;, classes = &apos;{}&apos;, inheritLocations = true, initializers = &apos;{}&apos;, inheritInitializers = true, name = [null], contextLoaderClass = &apos;org.springframework.test.context.ContextLoader&apos;].
[2019/06/30 15:18:31.179] &lt;Hiball_Video&gt; DEBUG o.s.test.context.ContextLoaderUtils - Could not find an &apos;annotation declaring class&apos; for annotation type [org.springframework.test.context.ActiveProfiles] and class [com.hiball.web.test.CallAPIControllerTest]
[2019/06/30 15:18:31.183] &lt;Hiball_Video&gt; DEBUG o.s.test.context.TestContextManager - @TestExecutionListeners is not present for class [class com.hiball.web.test.CallAPIControllerTest]: using defaults.
[2019/06/30 15:18:31.208] &lt;Hiball_Video&gt; DEBUG o.s.t.annotation.ProfileValueUtils - Retrieved @ProfileValueSourceConfiguration [null] for test class [com.hiball.web.test.CallAPIControllerTest]
[2019/06/30 15:18:31.209] &lt;Hiball_Video&gt; DEBUG o.s.t.annotation.ProfileValueUtils - Retrieved ProfileValueSource type [class org.springframework.test.annotation.SystemProfileValueSource] for class [com.hiball.web.test.CallAPIControllerTest]
[2019/06/30 15:18:31.211] &lt;Hiball_Video&gt; DEBUG o.s.t.annotation.ProfileValueUtils - Retrieved @ProfileValueSourceConfiguration [null] for test class [com.hiball.web.test.CallAPIControllerTest]
[2019/06/30 15:18:31.211] &lt;Hiball_Video&gt; DEBUG o.s.t.annotation.ProfileValueUtils - Retrieved ProfileValueSource type [class org.springframework.test.annotation.SystemProfileValueSource] for class [com.hiball.web.test.CallAPIControllerTest]
[2019/06/30 15:18:31.216] &lt;Hiball_Video&gt; DEBUG o.s.t.annotation.ProfileValueUtils - Retrieved @ProfileValueSourceConfiguration [null] for test class [com.hiball.web.test.CallAPIControllerTest]
[2019/06/30 15:18:31.216] &lt;Hiball_Video&gt; DEBUG o.s.t.annotation.ProfileValueUtils - Retrieved ProfileValueSource type [class org.springframework.test.annotation.SystemProfileValueSource] for class [com.hiball.web.test.CallAPIControllerTest]
[2019/06/30 15:18:31.219] &lt;Hiball_Video&gt; DEBUG o.s.t.c.s.DependencyInjectionTestExecutionListener - Performing dependency injection for test context [[DefaultTestContext@3dfc5fb8 testClass = CallAPIControllerTest, testInstance = com.hiball.web.test.CallAPIControllerTest@467aecef, testMethod = [null], testException = [null], mergedContextConfiguration = [MergedContextConfiguration@4d50efb8 testClass = CallAPIControllerTest, locations = &apos;{classpath:/config/spring-config-root.xml}&apos;, classes = &apos;{}&apos;, contextInitializerClasses = &apos;[]&apos;, activeProfiles = &apos;{}&apos;, contextLoader = &apos;org.springframework.test.context.support.DelegatingSmartContextLoader&apos;, parent = [null]]]].
[2019/06/30 15:18:31.220] &lt;Hiball_Video&gt; DEBUG o.s.t.c.s.AbstractDelegatingSmartContextLoader - Delegating to GenericXmlContextLoader to load context from [MergedContextConfiguration@4d50efb8 testClass = CallAPIControllerTest, locations = &apos;{classpath:/config/spring-config-root.xml}&apos;, classes = &apos;{}&apos;, contextInitializerClasses = &apos;[]&apos;, activeProfiles = &apos;{}&apos;, contextLoader = &apos;org.springframework.test.context.support.DelegatingSmartContextLoader&apos;, parent = [null]].
[2019/06/30 15:18:31.220] &lt;Hiball_Video&gt; DEBUG o.s.t.c.s.AbstractGenericContextLoader - Loading ApplicationContext for merged context configuration [[MergedContextConfiguration@4d50efb8 testClass = CallAPIControllerTest, locations = &apos;{classpath:/config/spring-config-root.xml}&apos;, classes = &apos;{}&apos;, contextInitializerClasses = &apos;[]&apos;, activeProfiles = &apos;{}&apos;, contextLoader = &apos;org.springframework.test.context.support.DelegatingSmartContextLoader&apos;, parent = [null]]].
[2019/06/30 15:18:31.317] &lt;Hiball_Video&gt; DEBUG o.s.core.env.StandardEnvironment - Initializing new StandardEnvironment
[2019/06/30 15:18:31.318] &lt;Hiball_Video&gt; DEBUG o.s.core.env.StandardEnvironment - Adding [systemProperties] PropertySource with lowest search precedence
[2019/06/30 15:18:31.321] &lt;Hiball_Video&gt; DEBUG o.s.core.env.StandardEnvironment - Adding [systemEnvironment] PropertySource with lowest search precedence
[2019/06/30 15:18:31.321] &lt;Hiball_Video&gt; DEBUG o.s.core.env.StandardEnvironment - Initialized StandardEnvironment with PropertySources [systemProperties,systemEnvironment]
[2019/06/30 15:18:31.329] &lt;Hiball_Video&gt; INFO  o.s.b.f.xml.XmlBeanDefinitionReader - Loading XML bean definitions from class path resource [config/spring-config-root.xml]
[2019/06/30 15:18:31.338] &lt;Hiball_Video&gt; DEBUG o.s.b.f.xml.DefaultDocumentLoader - Using JAXP provider [com.sun.org.apache.xerces.internal.jaxp.DocumentBuilderFactoryImpl]
[2019/06/30 15:18:31.374] &lt;Hiball_Video&gt; DEBUG o.s.b.f.xml.PluggableSchemaResolver - Loading schema mappings from [META-INF/spring.schemas]
[2019/06/30 15:18:31.381] &lt;Hiball_Video&gt; DEBUG o.s.b.f.xml.PluggableSchemaResolver - Loaded schema mappings: {http://www.springframework.org/schema/tx/spring-tx-2.5.xsd=org/springframework/transaction/config/spring-tx-2.5.xsd, http://www.springframework.org/schema/context/spring-context-3.1.xsd=org/springframework/context/config/spring-context-3.1.xsd, http://www.springframework.org/schema/util/spring-util-3.0.xsd=org/springframework/beans/factory/xml/spring-util-3.0.xsd, http://www.springframework.org/schema/tool/spring-tool.xsd=org/springframework/beans/factory/xml/spring-tool-4.0.xsd, http://www.springframework.org/schema/aop/spring-aop-3.2.xsd=org/springframework/aop/config/spring-aop-3.2.xsd, http://www.springframework.org/schema/context/spring-context-4.0.xsd=org/springframework/context/config/spring-context-4.0.xsd, http://www.springframework.org/schema/mvc/spring-mvc-3.2.xsd=org/springframework/web/servlet/config/spring-mvc-3.2.xsd, http://www.springframework.org/schema/lang/spring-lang-3.2.xsd=org/springframework/scripting/config/spring-lang-3.2.xsd, http://www.springframework.org/schema/cache/spring-cache-3.2.xsd=org/springframework/cache/config/spring-cache-3.2.xsd, http://www.springframework.org/schema/jdbc/spring-jdbc-3.1.xsd=org/springframework/jdbc/config/spring-jdbc-3.1.xsd, http://www.springframework.org/schema/util/spring-util-2.0.xsd=org/springframework/beans/factory/xml/spring-util-2.0.xsd, http://www.springframework.org/schema/tool/spring-tool-3.2.xsd=org/springframework/beans/factory/xml/spring-tool-3.2.xsd, http://www.springframework.org/schema/context/spring-context.xsd=org/springframework/context/config/spring-context-4.0.xsd, http://www.springframework.org/schema/aop/spring-aop-4.0.xsd=org/springframework/aop/config/spring-aop-4.0.xsd, http://www.springframework.org/schema/jee/spring-jee-3.2.xsd=org/springframework/ejb/config/spring-jee-3.2.xsd, http://www.springframework.org/schema/context/spring-context-3.0.xsd=org/springframework/context/config/spring-context-3.0.xsd, http://www.springframework.org/schema/jdbc/spring-jdbc-4.0.xsd=org/springframework/jdbc/config/spring-jdbc-4.0.xsd, http://www.springframework.org/schema/util/spring-util-2.5.xsd=org/springframework/beans/factory/xml/spring-util-2.5.xsd, http://www.springframework.org/schema/mvc/spring-mvc-4.0.xsd=org/springframework/web/servlet/config/spring-mvc-4.0.xsd, http://www.springframework.org/schema/beans/spring-beans-3.2.xsd=org/springframework/beans/factory/xml/spring-beans-3.2.xsd, http://www.springframework.org/schema/aop/spring-aop-3.1.xsd=org/springframework/aop/config/spring-aop-3.1.xsd, http://www.springframework.org/schema/lang/spring-lang-4.0.xsd=org/springframework/scripting/config/spring-lang-4.0.xsd, http://www.springframework.org/schema/mvc/spring-mvc.xsd=org/springframework/web/servlet/config/spring-mvc-4.0.xsd, http://www.springframework.org/schema/mvc/spring-mvc-3.1.xsd=org/springframework/web/servlet/config/spring-mvc-3.1.xsd, http://www.springframework.org/schema/tool/spring-tool-4.0.xsd=org/springframework/beans/factory/xml/spring-tool-4.0.xsd, http://www.springframework.org/schema/tx/spring-tx-3.2.xsd=org/springframework/transaction/config/spring-tx-3.2.xsd, http://www.springframework.org/schema/lang/spring-lang-3.1.xsd=org/springframework/scripting/config/spring-lang-3.1.xsd, http://www.springframework.org/schema/cache/spring-cache-3.1.xsd=org/springframework/cache/config/spring-cache-3.1.xsd, http://www.springframework.org/schema/jee/spring-jee-4.0.xsd=org/springframework/ejb/config/spring-jee-4.0.xsd, http://www.springframework.org/schema/jdbc/spring-jdbc-3.0.xsd=org/springframework/jdbc/config/spring-jdbc-3.0.xsd, http://www.springframework.org/schema/jdbc/spring-jdbc.xsd=org/springframework/jdbc/config/spring-jdbc-4.0.xsd, http://www.springframework.org/schema/tool/spring-tool-3.1.xsd=org/springframework/beans/factory/xml/spring-tool-3.1.xsd, http://www.springframework.org/schema/cache/spring-cache-4.0.xsd=org/springframework/cache/config/spring-cache-4.0.xsd, http://www.springframework.org/schema/jee/spring-jee-3.1.xsd=org/springframework/ejb/config/spring-jee-3.1.xsd, http://www.springframework.org/schema/task/spring-task-3.2.xsd=org/springframework/scheduling/config/spring-task-3.2.xsd, http://www.springframework.org/schema/beans/spring-beans-3.1.xsd=org/springframework/beans/factory/xml/spring-beans-3.1.xsd, http://www.springframework.org/schema/util/spring-util.xsd=org/springframework/beans/factory/xml/spring-util-4.0.xsd, http://www.springframework.org/schema/aop/spring-aop-3.0.xsd=org/springframework/aop/config/spring-aop-3.0.xsd, http://www.springframework.org/schema/mvc/spring-mvc-3.0.xsd=org/springframework/web/servlet/config/spring-mvc-3.0.xsd, http://www.springframework.org/schema/beans/spring-beans-4.0.xsd=org/springframework/beans/factory/xml/spring-beans-4.0.xsd, http://www.springframework.org/schema/beans/spring-beans.xsd=org/springframework/beans/factory/xml/spring-beans-4.0.xsd, http://www.springframework.org/schema/lang/spring-lang-3.0.xsd=org/springframework/scripting/config/spring-lang-3.0.xsd, http://www.springframework.org/schema/tx/spring-tx-3.1.xsd=org/springframework/transaction/config/spring-tx-3.1.xsd, http://www.springframework.org/schema/context/spring-context-2.5.xsd=org/springframework/context/config/spring-context-2.5.xsd, http://www.springframework.org/schema/task/spring-task-4.0.xsd=org/springframework/scheduling/config/spring-task-4.0.xsd, http://www.springframework.org/schema/tool/spring-tool-3.0.xsd=org/springframework/beans/factory/xml/spring-tool-3.0.xsd, http://www.springframework.org/schema/tx/spring-tx-4.0.xsd=org/springframework/transaction/config/spring-tx-4.0.xsd, http://www.springframework.org/schema/aop/spring-aop-2.0.xsd=org/springframework/aop/config/spring-aop-2.0.xsd, http://www.springframework.org/schema/jee/spring-jee-3.0.xsd=org/springframework/ejb/config/spring-jee-3.0.xsd, http://www.springframework.org/schema/task/spring-task-3.1.xsd=org/springframework/scheduling/config/spring-task-3.1.xsd, http://www.springframework.org/schema/beans/spring-beans-3.0.xsd=org/springframework/beans/factory/xml/spring-beans-3.0.xsd, http://www.springframework.org/schema/jee/spring-jee.xsd=org/springframework/ejb/config/spring-jee-4.0.xsd, http://www.springframework.org/schema/aop/spring-aop-2.5.xsd=org/springframework/aop/config/spring-aop-2.5.xsd, http://www.springframework.org/schema/lang/spring-lang-2.0.xsd=org/springframework/scripting/config/spring-lang-2.0.xsd, http://www.springframework.org/schema/util/spring-util-3.2.xsd=org/springframework/beans/factory/xml/spring-util-3.2.xsd, http://www.springframework.org/schema/task/spring-task.xsd=org/springframework/scheduling/config/spring-task-4.0.xsd, http://www.springframework.org/schema/tool/spring-tool-2.0.xsd=org/springframework/beans/factory/xml/spring-tool-2.0.xsd, http://www.springframework.org/schema/tx/spring-tx-3.0.xsd=org/springframework/transaction/config/spring-tx-3.0.xsd, http://www.springframework.org/schema/lang/spring-lang-2.5.xsd=org/springframework/scripting/config/spring-lang-2.5.xsd, http://www.springframework.org/schema/jee/spring-jee-2.0.xsd=org/springframework/ejb/config/spring-jee-2.0.xsd, http://www.springframework.org/schema/tool/spring-tool-2.5.xsd=org/springframework/beans/factory/xml/spring-tool-2.5.xsd, http://www.springframework.org/schema/jee/spring-jee-2.5.xsd=org/springframework/ejb/config/spring-jee-2.5.xsd, http://www.springframework.org/schema/util/spring-util-4.0.xsd=org/springframework/beans/factory/xml/spring-util-4.0.xsd, http://www.springframework.org/schema/task/spring-task-3.0.xsd=org/springframework/scheduling/config/spring-task-3.0.xsd, http://www.springframework.org/schema/lang/spring-lang.xsd=org/springframework/scripting/config/spring-lang-4.0.xsd, http://www.springframework.org/schema/context/spring-context-3.2.xsd=org/springframework/context/config/spring-context-3.2.xsd, http://www.springframework.org/schema/util/spring-util-3.1.xsd=org/springframework/beans/factory/xml/spring-util-3.1.xsd, http://www.springframework.org/schema/beans/spring-beans-2.0.xsd=org/springframework/beans/factory/xml/spring-beans-2.0.xsd, http://www.springframework.org/schema/cache/spring-cache.xsd=org/springframework/cache/config/spring-cache-4.0.xsd, http://www.springframework.org/schema/tx/spring-tx.xsd=org/springframework/transaction/config/spring-tx-4.0.xsd, http://www.springframework.org/schema/beans/spring-beans-2.5.xsd=org/springframework/beans/factory/xml/spring-beans-2.5.xsd, http://www.springframework.org/schema/tx/spring-tx-2.0.xsd=org/springframework/transaction/config/spring-tx-2.0.xsd, http://www.springframework.org/schema/jdbc/spring-jdbc-3.2.xsd=org/springframework/jdbc/config/spring-jdbc-3.2.xsd, http://www.springframework.org/schema/aop/spring-aop.xsd=org/springframework/aop/config/spring-aop-4.0.xsd}
[2019/06/30 15:18:31.385] &lt;Hiball_Video&gt; DEBUG o.s.b.f.xml.PluggableSchemaResolver - Found XML schema [http://www.springframework.org/schema/beans/spring-beans-4.0.xsd] in classpath: org/springframework/beans/factory/xml/spring-beans-4.0.xsd
[2019/06/30 15:18:31.443] &lt;Hiball_Video&gt; DEBUG o.s.b.f.xml.PluggableSchemaResolver - Found XML schema [http://www.springframework.org/schema/mvc/spring-mvc-4.0.xsd] in classpath: org/springframework/web/servlet/config/spring-mvc-4.0.xsd
[2019/06/30 15:18:31.479] &lt;Hiball_Video&gt; DEBUG o.s.b.f.xml.PluggableSchemaResolver - Found XML schema [http://www.springframework.org/schema/tool/spring-tool-4.0.xsd] in classpath: org/springframework/beans/factory/xml/spring-tool-4.0.xsd
[2019/06/30 15:18:31.489] &lt;Hiball_Video&gt; DEBUG o.s.b.f.xml.PluggableSchemaResolver - Found XML schema [http://www.springframework.org/schema/context/spring-context-4.0.xsd] in classpath: org/springframework/context/config/spring-context-4.0.xsd
[2019/06/30 15:18:31.502] &lt;Hiball_Video&gt; DEBUG o.s.b.f.x.DefaultBeanDefinitionDocumentReader - Loading bean definitions
[2019/06/30 15:18:31.512] &lt;Hiball_Video&gt; DEBUG o.s.b.f.x.DefaultNamespaceHandlerResolver - Loaded NamespaceHandler mappings: {http://www.springframework.org/schema/p=org.springframework.beans.factory.xml.SimplePropertyNamespaceHandler, http://www.springframework.org/schema/mvc=org.springframework.web.servlet.config.MvcNamespaceHandler, http://www.springframework.org/schema/util=org.springframework.beans.factory.xml.UtilNamespaceHandler, http://www.springframework.org/schema/jee=org.springframework.ejb.config.JeeNamespaceHandler, http://www.springframework.org/schema/aop=org.springframework.aop.config.AopNamespaceHandler, http://www.springframework.org/schema/jdbc=org.springframework.jdbc.config.JdbcNamespaceHandler, http://www.springframework.org/schema/cache=org.springframework.cache.config.CacheNamespaceHandler, http://www.springframework.org/schema/c=org.springframework.beans.factory.xml.SimpleConstructorNamespaceHandler, http://www.springframework.org/schema/tx=org.springframework.transaction.config.TxNamespaceHandler, http://www.springframework.org/schema/task=org.springframework.scheduling.config.TaskNamespaceHandler, http://www.springframework.org/schema/lang=org.springframework.scripting.config.LangNamespaceHandler, http://www.springframework.org/schema/context=org.springframework.context.config.ContextNamespaceHandler}
[2019/06/30 15:18:31.567] &lt;Hiball_Video&gt; DEBUG o.s.c.i.s.PathMatchingResourcePatternResolver - Looking for matching resources in directory tree [/Users/bear059/Documents/DevSources/HiBall_Prototype_Video/target/test-classes/com/hiball/web]
[2019/06/30 15:18:31.567] &lt;Hiball_Video&gt; DEBUG o.s.c.i.s.PathMatchingResourcePatternResolver - Searching directory [/Users/bear059/Documents/DevSources/HiBall_Prototype_Video/target/test-classes/com/hiball/web] for files matching pattern [/Users/bear059/Documents/DevSources/HiBall_Prototype_Video/target/test-classes/com/hiball/web/**/**/*.class]
[2019/06/30 15:18:31.570] &lt;Hiball_Video&gt; DEBUG o.s.c.i.s.PathMatchingResourcePatternResolver - Searching directory [/Users/bear059/Documents/DevSources/HiBall_Prototype_Video/target/test-classes/com/hiball/web/test] for files matching pattern [/Users/bear059/Documents/DevSources/HiBall_Prototype_Video/target/test-classes/com/hiball/web/**/**/*.class]
[2019/06/30 15:18:31.571] &lt;Hiball_Video&gt; DEBUG o.s.c.i.s.PathMatchingResourcePatternResolver - Searching directory [/Users/bear059/Documents/DevSources/HiBall_Prototype_Video/target/test-classes/com/hiball/web/test/common] for files matching pattern [/Users/bear059/Documents/DevSources/HiBall_Prototype_Video/target/test-classes/com/hiball/web/**/**/*.class]
[2019/06/30 15:18:31.571] &lt;Hiball_Video&gt; DEBUG o.s.c.i.s.PathMatchingResourcePatternResolver - Searching directory [/Users/bear059/Documents/DevSources/HiBall_Prototype_Video/target/test-classes/com/hiball/web/util] for files matching pattern [/Users/bear059/Documents/DevSources/HiBall_Prototype_Video/target/test-classes/com/hiball/web/**/**/*.class]
[2019/06/30 15:18:31.572] &lt;Hiball_Video&gt; DEBUG o.s.c.i.s.PathMatchingResourcePatternResolver - Searching directory [/Users/bear059/Documents/DevSources/HiBall_Prototype_Video/target/test-classes/com/hiball/web/integration] for files matching pattern [/Users/bear059/Documents/DevSources/HiBall_Prototype_Video/target/test-classes/com/hiball/web/**/**/*.class]
[2019/06/30 15:18:31.573] &lt;Hiball_Video&gt; DEBUG o.s.c.i.s.PathMatchingResourcePatternResolver - Looking for matching resources in directory tree [/Users/bear059/Documents/DevSources/HiBall_Prototype_Video/target/classes/com/hiball/web]
[2019/06/30 15:18:31.574] &lt;Hiball_Video&gt; DEBUG o.s.c.i.s.PathMatchingResourcePatternResolver - Searching directory [/Users/bear059/Documents/DevSources/HiBall_Prototype_Video/target/classes/com/hiball/web] for files matching pattern [/Users/bear059/Documents/DevSources/HiBall_Prototype_Video/target/classes/com/hiball/web/**/**/*.class]
[2019/06/30 15:18:31.574] &lt;Hiball_Video&gt; DEBUG o.s.c.i.s.PathMatchingResourcePatternResolver - Searching directory [/Users/bear059/Documents/DevSources/HiBall_Prototype_Video/target/classes/com/hiball/web/util] for files matching pattern [/Users/bear059/Documents/DevSources/HiBall_Prototype_Video/target/classes/com/hiball/web/**/**/*.class]
[2019/06/30 15:18:31.575] &lt;Hiball_Video&gt; DEBUG o.s.c.i.s.PathMatchingResourcePatternResolver - Searching directory [/Users/bear059/Documents/DevSources/HiBall_Prototype_Video/target/classes/com/hiball/web/util/analysis] for files matching pattern [/Users/bear059/Documents/DevSources/HiBall_Prototype_Video/target/classes/com/hiball/web/**/**/*.class]
[2019/06/30 15:18:31.576] &lt;Hiball_Video&gt; DEBUG o.s.c.i.s.PathMatchingResourcePatternResolver - Searching directory [/Users/bear059/Documents/DevSources/HiBall_Prototype_Video/target/classes/com/hiball/web/util/analysis/viewpoint] for files matching pattern [/Users/bear059/Documents/DevSources/HiBall_Prototype_Video/target/classes/com/hiball/web/**/**/*.class]
[2019/06/30 15:18:31.577] &lt;Hiball_Video&gt; DEBUG o.s.c.i.s.PathMatchingResourcePatternResolver - Searching directory [/Users/bear059/Documents/DevSources/HiBall_Prototype_Video/target/classes/com/hiball/web/util/sort] for files matching pattern [/Users/bear059/Documents/DevSources/HiBall_Prototype_Video/target/classes/com/hiball/web/**/**/*.class]
[2019/06/30 15:18:31.578] &lt;Hiball_Video&gt; DEBUG o.s.c.i.s.PathMatchingResourcePatternResolver - Searching directory [/Users/bear059/Documents/DevSources/HiBall_Prototype_Video/target/classes/com/hiball/web/util/convertor] for files matching pattern [/Users/bear059/Documents/DevSources/HiBall_Prototype_Video/target/classes/com/hiball/web/**/**/*.class]
[2019/06/30 15:18:31.578] &lt;Hiball_Video&gt; DEBUG o.s.c.i.s.PathMatchingResourcePatternResolver - Searching directory [/Users/bear059/Documents/DevSources/HiBall_Prototype_Video/target/classes/com/hiball/web/util/accum] for files matching pattern [/Users/bear059/Documents/DevSources/HiBall_Prototype_Video/target/classes/com/hiball/web/**/**/*.class]
[2019/06/30 15:18:31.579] &lt;Hiball_Video&gt; DEBUG o.s.c.i.s.PathMatchingResourcePatternResolver - Searching directory [/Users/bear059/Documents/DevSources/HiBall_Prototype_Video/target/classes/com/hiball/web/util/date] for files matching pattern [/Users/bear059/Documents/DevSources/HiBall_Prototype_Video/target/classes/com/hiball/web/**/**/*.class]
[2019/06/30 15:18:31.579] &lt;Hiball_Video&gt; DEBUG o.s.c.i.s.PathMatchingResourcePatternResolver - Searching directory [/Users/bear059/Documents/DevSources/HiBall_Prototype_Video/target/classes/com/hiball/web/util/value] for files matching pattern [/Users/bear059/Documents/DevSources/HiBall_Prototype_Video/target/classes/com/hiball/web/**/**/*.class]
[2019/06/30 15:18:31.581] &lt;Hiball_Video&gt; DEBUG o.s.c.i.s.PathMatchingResourcePatternResolver - Searching directory [/Users/bear059/Documents/DevSources/HiBall_Prototype_Video/target/classes/com/hiball/web/util/calc] for files matching pattern [/Users/bear059/Documents/DevSources/HiBall_Prototype_Video/target/classes/com/hiball/web/**/**/*.class]
[2019/06/30 15:18:31.584] &lt;Hiball_Video&gt; DEBUG o.s.c.i.s.PathMatchingResourcePatternResolver - Searching directory [/Users/bear059/Documents/DevSources/HiBall_Prototype_Video/target/classes/com/hiball/web/util/judgerate] for files matching pattern [/Users/bear059/Documents/DevSources/HiBall_Prototype_Video/target/classes/com/hiball/web/**/**/*.class]
[2019/06/30 15:18:31.585] &lt;Hiball_Video&gt; DEBUG o.s.c.i.s.PathMatchingResourcePatternResolver - Searching directory [/Users/bear059/Documents/DevSources/HiBall_Prototype_Video/target/classes/com/hiball/web/util/ordering] for files matching pattern [/Users/bear059/Documents/DevSources/HiBall_Prototype_Video/target/classes/com/hiball/web/**/**/*.class]
[2019/06/30 15:18:31.586] &lt;Hiball_Video&gt; DEBUG o.s.c.i.s.PathMatchingResourcePatternResolver - Searching directory [/Users/bear059/Documents/DevSources/HiBall_Prototype_Video/target/classes/com/hiball/web/util/columns] for files matching pattern [/Users/bear059/Documents/DevSources/HiBall_Prototype_Video/target/classes/com/hiball/web/**/**/*.class]
[2019/06/30 15:18:31.587] &lt;Hiball_Video&gt; DEBUG o.s.c.i.s.PathMatchingResourcePatternResolver - Searching directory [/Users/bear059/Documents/DevSources/HiBall_Prototype_Video/target/classes/com/hiball/web/util/strongorweakutil] for files matching pattern [/Users/bear059/Documents/DevSources/HiBall_Prototype_Video/target/classes/com/hiball/web/**/**/*.class]
[2019/06/30 15:18:31.587] &lt;Hiball_Video&gt; DEBUG o.s.c.i.s.PathMatchingResourcePatternResolver - Searching directory [/Users/bear059/Documents/DevSources/HiBall_Prototype_Video/target/classes/com/hiball/web/util/strongorweakutil/impl] for files matching pattern [/Users/bear059/Documents/DevSources/HiBall_Prototype_Video/target/classes/com/hiball/web/**/**/*.class]
[2019/06/30 15:18:31.588] &lt;Hiball_Video&gt; DEBUG o.s.c.i.s.PathMatchingResourcePatternResolver - Searching directory [/Users/bear059/Documents/DevSources/HiBall_Prototype_Video/target/classes/com/hiball/web/util/groupcalc] for files matching pattern [/Users/bear059/Documents/DevSources/HiBall_Prototype_Video/target/classes/com/hiball/web/**/**/*.class]
[2019/06/30 15:18:31.589] &lt;Hiball_Video&gt; DEBUG o.s.c.i.s.PathMatchingResourcePatternResolver - Searching directory [/Users/bear059/Documents/DevSources/HiBall_Prototype_Video/target/classes/com/hiball/web/util/megelist] for files matching pattern [/Users/bear059/Documents/DevSources/HiBall_Prototype_Video/target/classes/com/hiball/web/**/**/*.class]
[2019/06/30 15:18:31.593] &lt;Hiball_Video&gt; DEBUG o.s.c.i.s.PathMatchingResourcePatternResolver - Searching directory [/Users/bear059/Documents/DevSources/HiBall_Prototype_Video/target/classes/com/hiball/web/common] for files matching pattern [/Users/bear059/Documents/DevSources/HiBall_Prototype_Video/target/classes/com/hiball/web/**/**/*.class]
[2019/06/30 15:18:31.594] &lt;Hiball_Video&gt; DEBUG o.s.c.i.s.PathMatchingResourcePatternResolver - Searching directory [/Users/bear059/Documents/DevSources/HiBall_Prototype_Video/target/classes/com/hiball/web/common/handler] for files matching pattern [/Users/bear059/Documents/DevSources/HiBall_Prototype_Video/target/classes/com/hiball/web/**/**/*.class]
[2019/06/30 15:18:31.595] &lt;Hiball_Video&gt; DEBUG o.s.c.i.s.PathMatchingResourcePatternResolver - Searching directory [/Users/bear059/Documents/DevSources/HiBall_Prototype_Video/target/classes/com/hiball/web/common/excpeiton] for files matching pattern [/Users/bear059/Documents/DevSources/HiBall_Prototype_Video/target/classes/com/hiball/web/**/**/*.class]
[2019/06/30 15:18:31.595] &lt;Hiball_Video&gt; DEBUG o.s.c.i.s.PathMatchingResourcePatternResolver - Searching directory [/Users/bear059/Documents/DevSources/HiBall_Prototype_Video/target/classes/com/hiball/web/common/excpeiton/resolver] for files matching pattern [/Users/bear059/Documents/DevSources/HiBall_Prototype_Video/target/classes/com/hiball/web/**/**/*.class]
[2019/06/30 15:18:31.596] &lt;Hiball_Video&gt; DEBUG o.s.c.i.s.PathMatchingResourcePatternResolver - Searching directory [/Users/bear059/Documents/DevSources/HiBall_Prototype_Video/target/classes/com/hiball/web/common/enums] for files matching pattern [/Users/bear059/Documents/DevSources/HiBall_Prototype_Video/target/classes/com/hiball/web/**/**/*.class]
[2019/06/30 15:18:31.597] &lt;Hiball_Video&gt; DEBUG o.s.c.i.s.PathMatchingResourcePatternResolver - Searching directory [/Users/bear059/Documents/DevSources/HiBall_Prototype_Video/target/classes/com/hiball/web/common/dao] for files matching pattern [/Users/bear059/Documents/DevSources/HiBall_Prototype_Video/target/classes/com/hiball/web/**/**/*.class]
[2019/06/30 15:18:31.597] &lt;Hiball_Video&gt; DEBUG o.s.c.i.s.PathMatchingResourcePatternResolver - Searching directory [/Users/bear059/Documents/DevSources/HiBall_Prototype_Video/target/classes/com/hiball/web/common/dao/impl] for files matching pattern [/Users/bear059/Documents/DevSources/HiBall_Prototype_Video/target/classes/com/hiball/web/**/**/*.class]
[2019/06/30 15:18:31.600] &lt;Hiball_Video&gt; DEBUG o.s.c.i.s.PathMatchingResourcePatternResolver - Searching directory [/Users/bear059/Documents/DevSources/HiBall_Prototype_Video/target/classes/com/hiball/web/common/logic] for files matching pattern [/Users/bear059/Documents/DevSources/HiBall_Prototype_Video/target/classes/com/hiball/web/**/**/*.class]
[2019/06/30 15:18:31.601] &lt;Hiball_Video&gt; DEBUG o.s.c.i.s.PathMatchingResourcePatternResolver - Searching directory [/Users/bear059/Documents/DevSources/HiBall_Prototype_Video/target/classes/com/hiball/web/common/param] for files matching pattern [/Users/bear059/Documents/DevSources/HiBall_Prototype_Video/target/classes/com/hiball/web/**/**/*.class]
[2019/06/30 15:18:31.602] &lt;Hiball_Video&gt; DEBUG o.s.c.i.s.PathMatchingResourcePatternResolver - Searching directory [/Users/bear059/Documents/DevSources/HiBall_Prototype_Video/target/classes/com/hiball/web/common/view] for files matching pattern [/Users/bear059/Documents/DevSources/HiBall_Prototype_Video/target/classes/com/hiball/web/**/**/*.class]
[2019/06/30 15:18:31.603] &lt;Hiball_Video&gt; DEBUG o.s.c.i.s.PathMatchingResourcePatternResolver - Searching directory [/Users/bear059/Documents/DevSources/HiBall_Prototype_Video/target/classes/com/hiball/web/common/service] for files matching pattern [/Users/bear059/Documents/DevSources/HiBall_Prototype_Video/target/classes/com/hiball/web/**/**/*.class]
[2019/06/30 15:18:31.611] &lt;Hiball_Video&gt; DEBUG o.s.c.i.s.PathMatchingResourcePatternResolver - Searching directory [/Users/bear059/Documents/DevSources/HiBall_Prototype_Video/target/classes/com/hiball/web/common/service/impl] for files matching pattern [/Users/bear059/Documents/DevSources/HiBall_Prototype_Video/target/classes/com/hiball/web/**/**/*.class]
[2019/06/30 15:18:31.612] &lt;Hiball_Video&gt; DEBUG o.s.c.i.s.PathMatchingResourcePatternResolver - Searching directory [/Users/bear059/Documents/DevSources/HiBall_Prototype_Video/target/classes/com/hiball/web/common/bind] for files matching pattern [/Users/bear059/Documents/DevSources/HiBall_Prototype_Video/target/classes/com/hiball/web/**/**/*.class]
[2019/06/30 15:18:31.612] &lt;Hiball_Video&gt; DEBUG o.s.c.i.s.PathMatchingResourcePatternResolver - Searching directory [/Users/bear059/Documents/DevSources/HiBall_Prototype_Video/target/classes/com/hiball/web/common/domain] for files matching pattern [/Users/bear059/Documents/DevSources/HiBall_Prototype_Video/target/classes/com/hiball/web/**/**/*.class]
[2019/06/30 15:18:31.613] &lt;Hiball_Video&gt; DEBUG o.s.c.i.s.PathMatchingResourcePatternResolver - Searching directory [/Users/bear059/Documents/DevSources/HiBall_Prototype_Video/target/classes/com/hiball/web/common/intercepter] for files matching pattern [/Users/bear059/Documents/DevSources/HiBall_Prototype_Video/target/classes/com/hiball/web/**/**/*.class]
[2019/06/30 15:18:31.618] &lt;Hiball_Video&gt; DEBUG o.s.c.i.s.PathMatchingResourcePatternResolver - Resolved location pattern [classpath*:com/hiball/web/**/**/*.class] to resources [file [/Users/bear059/Documents/DevSources/HiBall_Prototype_Video/target/test-classes/com/hiball/web/test/CallAPIControllerTest.class], file [/Users/bear059/Documents/DevSources/HiBall_Prototype_Video/target/test-classes/com/hiball/web/test/common/AbstractCommonControllerTest.class], file [/Users/bear059/Documents/DevSources/HiBall_Prototype_Video/target/test-classes/com/hiball/web/util/TeamRecordUtilTest.class], file [/Users/bear059/Documents/DevSources/HiBall_Prototype_Video/target/test-classes/com/hiball/web/integration/IntegrationServiceCallTest.class], file [/Users/bear059/Documents/DevSources/HiBall_Prototype_Video/target/classes/com/hiball/web/util/PitchingTypeOrderingComparator.class], file [/Users/bear059/Documents/DevSources/HiBall_Prototype_Video/target/classes/com/hiball/web/util/NullChecker.class], file [/Users/bear059/Documents/DevSources/HiBall_Prototype_Video/target/classes/com/hiball/web/util/analysis/TeamViewPoint.class], file [/Users/bear059/Documents/DevSources/HiBall_Prototype_Video/target/classes/com/hiball/web/util/analysis/TeamViewPointForTeamRecord.class], file [/Users/bear059/Documents/DevSources/HiBall_Prototype_Video/target/classes/com/hiball/web/util/analysis/TeamViewPointForPlayerRecord.class], file [/Users/bear059/Documents/DevSources/HiBall_Prototype_Video/target/classes/com/hiball/web/util/analysis/viewpoint/AnalysisTeamViewPointUtil.class], file [/Users/bear059/Documents/DevSources/HiBall_Prototype_Video/target/classes/com/hiball/web/util/analysis/viewpoint/TeamViewPointConcrete.class], file [/Users/bear059/Documents/DevSources/HiBall_Prototype_Video/target/classes/com/hiball/web/util/sort/AbstractOrderingComparator$1.class], file [/Users/bear059/Documents/DevSources/HiBall_Prototype_Video/target/classes/com/hiball/web/util/sort/AbstractOrderingComparator.class], file [/Users/bear059/Documents/DevSources/HiBall_Prototype_Video/target/classes/com/hiball/web/util/sort/BattingOrderingComparator.class], file [/Users/bear059/Documents/DevSources/HiBall_Prototype_Video/target/classes/com/hiball/web/util/sort/PitchingOrderingComparator.class], file [/Users/bear059/Documents/DevSources/HiBall_Prototype_Video/target/classes/com/hiball/web/util/sort/TeamOrderingComparator.class], file [/Users/bear059/Documents/DevSources/HiBall_Prototype_Video/target/classes/com/hiball/web/util/sort/TeamViewPointComparator.class], file [/Users/bear059/Documents/DevSources/HiBall_Prototype_Video/target/classes/com/hiball/web/util/convertor/ValueConvertor.class], file [/Users/bear059/Documents/DevSources/HiBall_Prototype_Video/target/classes/com/hiball/web/util/accum/AccumlateUtil.class], file [/Users/bear059/Documents/DevSources/HiBall_Prototype_Video/target/classes/com/hiball/web/util/EnvironmentOrderingComparator.class], file [/Users/bear059/Documents/DevSources/HiBall_Prototype_Video/target/classes/com/hiball/web/util/date/DateUtils.class], file [/Users/bear059/Documents/DevSources/HiBall_Prototype_Video/target/classes/com/hiball/web/util/PatternUtils$1.class], file [/Users/bear059/Documents/DevSources/HiBall_Prototype_Video/target/classes/com/hiball/web/util/value/SortingType.class], file [/Users/bear059/Documents/DevSources/HiBall_Prototype_Video/target/classes/com/hiball/web/util/value/TeamListUtil.class], file [/Users/bear059/Documents/DevSources/HiBall_Prototype_Video/target/classes/com/hiball/web/util/value/CodeConvertor.class], file [/Users/bear059/Documents/DevSources/HiBall_Prototype_Video/target/classes/com/hiball/web/util/value/GroupingColumn.class], file [/Users/bear059/Documents/DevSources/HiBall_Prototype_Video/target/classes/com/hiball/web/util/value/SortingValue.class], file [/Users/bear059/Documents/DevSources/HiBall_Prototype_Video/target/classes/com/hiball/web/util/calc/TeamRecordUtil.class], file [/Users/bear059/Documents/DevSources/HiBall_Prototype_Video/target/classes/com/hiball/web/util/calc/GameRecordSummaryUtil.class], file [/Users/bear059/Documents/DevSources/HiBall_Prototype_Video/target/classes/com/hiball/web/util/judgerate/JudgeRateUtils.class], file [/Users/bear059/Documents/DevSources/HiBall_Prototype_Video/target/classes/com/hiball/web/util/EtcUtil.class], file [/Users/bear059/Documents/DevSources/HiBall_Prototype_Video/target/classes/com/hiball/web/util/BatterOrderingComparator.class], file [/Users/bear059/Documents/DevSources/HiBall_Prototype_Video/target/classes/com/hiball/web/util/ordering/AccmBallCntOrderingComparator.class], file [/Users/bear059/Documents/DevSources/HiBall_Prototype_Video/target/classes/com/hiball/web/util/ordering/TeamOrderingComparator.class], file [/Users/bear059/Documents/DevSources/HiBall_Prototype_Video/target/classes/com/hiball/web/util/ordering/CodeOrderingComparator.class], file [/Users/bear059/Documents/DevSources/HiBall_Prototype_Video/target/classes/com/hiball/web/util/PitchingTypeUtil.class], file [/Users/bear059/Documents/DevSources/HiBall_Prototype_Video/target/classes/com/hiball/web/util/StrongOrWeakRankPoper.class], file [/Users/bear059/Documents/DevSources/HiBall_Prototype_Video/target/classes/com/hiball/web/util/PatternUtils.class], file [/Users/bear059/Documents/DevSources/HiBall_Prototype_Video/target/classes/com/hiball/web/util/columns/Columns.class], file [/Users/bear059/Documents/DevSources/HiBall_Prototype_Video/target/classes/com/hiball/web/util/strongorweakutil/impl/BatterStrongOrWeakRankPoper.class], file [/Users/bear059/Documents/DevSources/HiBall_Prototype_Video/target/classes/com/hiball/web/util/strongorweakutil/impl/PitcherStrongOrWeakRankPoper.class], file [/Users/bear059/Documents/DevSources/HiBall_Prototype_Video/target/classes/com/hiball/web/util/strongorweakutil/AbstractStrongOrWeakRankPoper.class], file [/Users/bear059/Documents/DevSources/HiBall_Prototype_Video/target/classes/com/hiball/web/util/groupcalc/ColumnGroupCalculator.class], file [/Users/bear059/Documents/DevSources/HiBall_Prototype_Video/target/classes/com/hiball/web/util/StrongOrWeakOrderingComprator.class], file [/Users/bear059/Documents/DevSources/HiBall_Prototype_Video/target/classes/com/hiball/web/util/PitcherOrderingComparator.class], file [/Users/bear059/Documents/DevSources/HiBall_Prototype_Video/target/classes/com/hiball/web/util/megelist/MergeList.class], file [/Users/bear059/Documents/DevSources/HiBall_Prototype_Video/target/classes/com/hiball/web/common/handler/ColumnResultHandler.class], file [/Users/bear059/Documents/DevSources/HiBall_Prototype_Video/target/classes/com/hiball/web/common/handler/AbstractResultHandler.class], file [/Users/bear059/Documents/DevSources/HiBall_Prototype_Video/target/classes/com/hiball/web/common/excpeiton/HiBallException.class], file [/Users/bear059/Documents/DevSources/HiBall_Prototype_Video/target/classes/com/hiball/web/common/excpeiton/ReceivePropertyException.class], file [/Users/bear059/Documents/DevSources/HiBall_Prototype_Video/target/classes/com/hiball/web/common/excpeiton/HiBallErrorInfo.class], file [/Users/bear059/Documents/DevSources/HiBall_Prototype_Video/target/classes/com/hiball/web/common/excpeiton/resolver/HiBallExceptionResolver.class], file [/Users/bear059/Documents/DevSources/HiBall_Prototype_Video/target/classes/com/hiball/web/common/enums/SortingType.class], file [/Users/bear059/Documents/DevSources/HiBall_Prototype_Video/target/classes/com/hiball/web/common/enums/ColumnsEnum.class], file [/Users/bear059/Documents/DevSources/HiBall_Prototype_Video/target/classes/com/hiball/web/common/dao/impl/SystemConstantsDaoImpl.class], file [/Users/bear059/Documents/DevSources/HiBall_Prototype_Video/target/classes/com/hiball/web/common/dao/AbstractCommonAPIDao.class], file [/Users/bear059/Documents/DevSources/HiBall_Prototype_Video/target/classes/com/hiball/web/common/dao/SystemConstantsDao.class], file [/Users/bear059/Documents/DevSources/HiBall_Prototype_Video/target/classes/com/hiball/web/common/logic/AbstractLastedGameRecordLogic.class], file [/Users/bear059/Documents/DevSources/HiBall_Prototype_Video/target/classes/com/hiball/web/common/param/CommonParam.class], file [/Users/bear059/Documents/DevSources/HiBall_Prototype_Video/target/classes/com/hiball/web/common/param/SystemConstantsParam.class], file [/Users/bear059/Documents/DevSources/HiBall_Prototype_Video/target/classes/com/hiball/web/common/view/HiballMappingJsonView.class], file [/Users/bear059/Documents/DevSources/HiBall_Prototype_Video/target/classes/com/hiball/web/common/service/impl/SystemConstantsServiceImpl.class], file [/Users/bear059/Documents/DevSources/HiBall_Prototype_Video/target/classes/com/hiball/web/common/service/impl/APIIntegrationServiceImpl.class], file [/Users/bear059/Documents/DevSources/HiBall_Prototype_Video/target/classes/com/hiball/web/common/service/MultiRetrieveService.class], file [/Users/bear059/Documents/DevSources/HiBall_Prototype_Video/target/classes/com/hiball/web/common/service/APIIntegrationService.class], file [/Users/bear059/Documents/DevSources/HiBall_Prototype_Video/target/classes/com/hiball/web/common/service/SystemConstantsService.class], file [/Users/bear059/Documents/DevSources/HiBall_Prototype_Video/target/classes/com/hiball/web/common/service/AbstractServiceLogic.class], file [/Users/bear059/Documents/DevSources/HiBall_Prototype_Video/target/classes/com/hiball/web/common/service/AbstractCommonAPIService.class], file [/Users/bear059/Documents/DevSources/HiBall_Prototype_Video/target/classes/com/hiball/web/common/bind/DataBinder.class], file [/Users/bear059/Documents/DevSources/HiBall_Prototype_Video/target/classes/com/hiball/web/common/domain/CommonDomain.class], file [/Users/bear059/Documents/DevSources/HiBall_Prototype_Video/target/classes/com/hiball/web/common/domain/CommonRecordDomain.class], file [/Users/bear059/Documents/DevSources/HiBall_Prototype_Video/target/classes/com/hiball/web/common/intercepter/ApiIntercepter.class]]
[2019/06/30 15:18:31.674] &lt;Hiball_Video&gt; DEBUG o.s.c.a.ClassPathBeanDefinitionScanner - Identified candidate component class: file [/Users/bear059/Documents/DevSources/HiBall_Prototype_Video/target/classes/com/hiball/web/common/dao/impl/SystemConstantsDaoImpl.class]
[2019/06/30 15:18:31.677] &lt;Hiball_Video&gt; DEBUG o.s.c.a.ClassPathBeanDefinitionScanner - Identified candidate component class: file [/Users/bear059/Documents/DevSources/HiBall_Prototype_Video/target/classes/com/hiball/web/common/service/impl/SystemConstantsServiceImpl.class]
[2019/06/30 15:18:31.678] &lt;Hiball_Video&gt; DEBUG o.s.c.a.ClassPathBeanDefinitionScanner - Identified candidate component class: file [/Users/bear059/Documents/DevSources/HiBall_Prototype_Video/target/classes/com/hiball/web/common/service/impl/APIIntegrationServiceImpl.class]
[2019/06/30 15:18:31.680] &lt;Hiball_Video&gt; DEBUG o.s.c.a.ClassPathBeanDefinitionScanner - Identified candidate component class: file [/Users/bear059/Documents/DevSources/HiBall_Prototype_Video/target/classes/com/hiball/web/common/service/MultiRetrieveService.class]
[2019/06/30 15:18:31.693] &lt;Hiball_Video&gt; DEBUG o.s.c.i.s.PathMatchingResourcePatternResolver - Looking for matching resources in directory tree [/Users/bear059/Documents/DevSources/HiBall_Prototype_Video/target/classes/com/hiball/site]
[2019/06/30 15:18:31.693] &lt;Hiball_Video&gt; DEBUG o.s.c.i.s.PathMatchingResourcePatternResolver - Searching directory [/Users/bear059/Documents/DevSources/HiBall_Prototype_Video/target/classes/com/hiball/site] for files matching pattern [/Users/bear059/Documents/DevSources/HiBall_Prototype_Video/target/classes/com/hiball/site/**/**/*.class]
[2019/06/30 15:18:31.693] &lt;Hiball_Video&gt; DEBUG o.s.c.i.s.PathMatchingResourcePatternResolver - Searching directory [/Users/bear059/Documents/DevSources/HiBall_Prototype_Video/target/classes/com/hiball/site/controller] for files matching pattern [/Users/bear059/Documents/DevSources/HiBall_Prototype_Video/target/classes/com/hiball/site/**/**/*.class]
[2019/06/30 15:18:31.694] &lt;Hiball_Video&gt; DEBUG o.s.c.i.s.PathMatchingResourcePatternResolver - Searching directory [/Users/bear059/Documents/DevSources/HiBall_Prototype_Video/target/classes/com/hiball/site/domain] for files matching pattern [/Users/bear059/Documents/DevSources/HiBall_Prototype_Video/target/classes/com/hiball/site/**/**/*.class]
[2019/06/30 15:18:31.694] &lt;Hiball_Video&gt; DEBUG o.s.c.i.s.PathMatchingResourcePatternResolver - Resolved location pattern [classpath*:com/hiball/site/**/**/*.class] to resources [file [/Users/bear059/Documents/DevSources/HiBall_Prototype_Video/target/classes/com/hiball/site/controller/IndexController.class], file [/Users/bear059/Documents/DevSources/HiBall_Prototype_Video/target/classes/com/hiball/site/domain/IndexDomain.class]]
[2019/06/30 15:18:31.699] &lt;Hiball_Video&gt; DEBUG o.s.c.a.ClassPathBeanDefinitionScanner - Identified candidate component class: file [/Users/bear059/Documents/DevSources/HiBall_Prototype_Video/target/classes/com/hiball/site/controller/IndexController.class]
[2019/06/30 15:18:31.700] &lt;Hiball_Video&gt; DEBUG o.s.c.i.s.PathMatchingResourcePatternResolver - Looking for matching resources in directory tree [/Users/bear059/Documents/DevSources/HiBall_Prototype_Video/target/classes/com/hiball/api]
[2019/06/30 15:18:31.700] &lt;Hiball_Video&gt; DEBUG o.s.c.i.s.PathMatchingResourcePatternResolver - Searching directory [/Users/bear059/Documents/DevSources/HiBall_Prototype_Video/target/classes/com/hiball/api] for files matching pattern [/Users/bear059/Documents/DevSources/HiBall_Prototype_Video/target/classes/com/hiball/api/**/**/*.class]
[2019/06/30 15:18:31.700] &lt;Hiball_Video&gt; DEBUG o.s.c.i.s.PathMatchingResourcePatternResolver - Searching directory [/Users/bear059/Documents/DevSources/HiBall_Prototype_Video/target/classes/com/hiball/api/param] for files matching pattern [/Users/bear059/Documents/DevSources/HiBall_Prototype_Video/target/classes/com/hiball/api/**/**/*.class]
[2019/06/30 15:18:31.701] &lt;Hiball_Video&gt; DEBUG o.s.c.i.s.PathMatchingResourcePatternResolver - Searching directory [/Users/bear059/Documents/DevSources/HiBall_Prototype_Video/target/classes/com/hiball/api/controller] for files matching pattern [/Users/bear059/Documents/DevSources/HiBall_Prototype_Video/target/classes/com/hiball/api/**/**/*.class]
[2019/06/30 15:18:31.701] &lt;Hiball_Video&gt; DEBUG o.s.c.i.s.PathMatchingResourcePatternResolver - Searching directory [/Users/bear059/Documents/DevSources/HiBall_Prototype_Video/target/classes/com/hiball/api/domain] for files matching pattern [/Users/bear059/Documents/DevSources/HiBall_Prototype_Video/target/classes/com/hiball/api/**/**/*.class]
[2019/06/30 15:18:31.702] &lt;Hiball_Video&gt; DEBUG o.s.c.i.s.PathMatchingResourcePatternResolver - Searching directory [/Users/bear059/Documents/DevSources/HiBall_Prototype_Video/target/classes/com/hiball/api/services] for files matching pattern [/Users/bear059/Documents/DevSources/HiBall_Prototype_Video/target/classes/com/hiball/api/**/**/*.class]
[2019/06/30 15:18:31.703] &lt;Hiball_Video&gt; DEBUG o.s.c.i.s.PathMatchingResourcePatternResolver - Searching directory [/Users/bear059/Documents/DevSources/HiBall_Prototype_Video/target/classes/com/hiball/api/services/code] for files matching pattern [/Users/bear059/Documents/DevSources/HiBall_Prototype_Video/target/classes/com/hiball/api/**/**/*.class]
[2019/06/30 15:18:31.703] &lt;Hiball_Video&gt; DEBUG o.s.c.i.s.PathMatchingResourcePatternResolver - Searching directory [/Users/bear059/Documents/DevSources/HiBall_Prototype_Video/target/classes/com/hiball/api/services/code/dao] for files matching pattern [/Users/bear059/Documents/DevSources/HiBall_Prototype_Video/target/classes/com/hiball/api/**/**/*.class]
[2019/06/30 15:18:31.703] &lt;Hiball_Video&gt; DEBUG o.s.c.i.s.PathMatchingResourcePatternResolver - Searching directory [/Users/bear059/Documents/DevSources/HiBall_Prototype_Video/target/classes/com/hiball/api/services/code/dao/impl] for files matching pattern [/Users/bear059/Documents/DevSources/HiBall_Prototype_Video/target/classes/com/hiball/api/**/**/*.class]
[2019/06/30 15:18:31.704] &lt;Hiball_Video&gt; DEBUG o.s.c.i.s.PathMatchingResourcePatternResolver - Searching directory [/Users/bear059/Documents/DevSources/HiBall_Prototype_Video/target/classes/com/hiball/api/services/code/service] for files matching pattern [/Users/bear059/Documents/DevSources/HiBall_Prototype_Video/target/classes/com/hiball/api/**/**/*.class]
[2019/06/30 15:18:31.704] &lt;Hiball_Video&gt; DEBUG o.s.c.i.s.PathMatchingResourcePatternResolver - Searching directory [/Users/bear059/Documents/DevSources/HiBall_Prototype_Video/target/classes/com/hiball/api/services/code/service/impl] for files matching pattern [/Users/bear059/Documents/DevSources/HiBall_Prototype_Video/target/classes/com/hiball/api/**/**/*.class]
[2019/06/30 15:18:31.705] &lt;Hiball_Video&gt; DEBUG o.s.c.i.s.PathMatchingResourcePatternResolver - Searching directory [/Users/bear059/Documents/DevSources/HiBall_Prototype_Video/target/classes/com/hiball/api/services/game] for files matching pattern [/Users/bear059/Documents/DevSources/HiBall_Prototype_Video/target/classes/com/hiball/api/**/**/*.class]
[2019/06/30 15:18:31.705] &lt;Hiball_Video&gt; DEBUG o.s.c.i.s.PathMatchingResourcePatternResolver - Searching directory [/Users/bear059/Documents/DevSources/HiBall_Prototype_Video/target/classes/com/hiball/api/services/game/dao] for files matching pattern [/Users/bear059/Documents/DevSources/HiBall_Prototype_Video/target/classes/com/hiball/api/**/**/*.class]
[2019/06/30 15:18:31.705] &lt;Hiball_Video&gt; DEBUG o.s.c.i.s.PathMatchingResourcePatternResolver - Searching directory [/Users/bear059/Documents/DevSources/HiBall_Prototype_Video/target/classes/com/hiball/api/services/game/dao/impl] for files matching pattern [/Users/bear059/Documents/DevSources/HiBall_Prototype_Video/target/classes/com/hiball/api/**/**/*.class]
[2019/06/30 15:18:31.705] &lt;Hiball_Video&gt; DEBUG o.s.c.i.s.PathMatchingResourcePatternResolver - Searching directory [/Users/bear059/Documents/DevSources/HiBall_Prototype_Video/target/classes/com/hiball/api/services/game/service] for files matching pattern [/Users/bear059/Documents/DevSources/HiBall_Prototype_Video/target/classes/com/hiball/api/**/**/*.class]
[2019/06/30 15:18:31.706] &lt;Hiball_Video&gt; DEBUG o.s.c.i.s.PathMatchingResourcePatternResolver - Searching directory [/Users/bear059/Documents/DevSources/HiBall_Prototype_Video/target/classes/com/hiball/api/services/game/service/impl] for files matching pattern [/Users/bear059/Documents/DevSources/HiBall_Prototype_Video/target/classes/com/hiball/api/**/**/*.class]
[2019/06/30 15:18:31.707] &lt;Hiball_Video&gt; DEBUG o.s.c.i.s.PathMatchingResourcePatternResolver - Resolved location pattern [classpath*:com/hiball/api/**/**/*.class] to resources [file [/Users/bear059/Documents/DevSources/HiBall_Prototype_Video/target/classes/com/hiball/api/param/CodeParam.class], file [/Users/bear059/Documents/DevSources/HiBall_Prototype_Video/target/classes/com/hiball/api/param/GameScheduleParam.class], file [/Users/bear059/Documents/DevSources/HiBall_Prototype_Video/target/classes/com/hiball/api/controller/CallAPIController.class], file [/Users/bear059/Documents/DevSources/HiBall_Prototype_Video/target/classes/com/hiball/api/domain/GameStatistics.class], file [/Users/bear059/Documents/DevSources/HiBall_Prototype_Video/target/classes/com/hiball/api/domain/GameInfo.class], file [/Users/bear059/Documents/DevSources/HiBall_Prototype_Video/target/classes/com/hiball/api/domain/GameVideoRecord.class], file [/Users/bear059/Documents/DevSources/HiBall_Prototype_Video/target/classes/com/hiball/api/domain/CodeDomain.class], file [/Users/bear059/Documents/DevSources/HiBall_Prototype_Video/target/classes/com/hiball/api/domain/Member.class], file [/Users/bear059/Documents/DevSources/HiBall_Prototype_Video/target/classes/com/hiball/api/domain/VideoRecord.class], file [/Users/bear059/Documents/DevSources/HiBall_Prototype_Video/target/classes/com/hiball/api/domain/GameRecord.class], file [/Users/bear059/Documents/DevSources/HiBall_Prototype_Video/target/classes/com/hiball/api/domain/GamePatternRecord.class], file [/Users/bear059/Documents/DevSources/HiBall_Prototype_Video/target/classes/com/hiball/api/domain/PlayerInfo.class], file [/Users/bear059/Documents/DevSources/HiBall_Prototype_Video/target/classes/com/hiball/api/services/code/dao/impl/CodeDaoImpl.class], file [/Users/bear059/Documents/DevSources/HiBall_Prototype_Video/target/classes/com/hiball/api/services/code/dao/CodeDao.class], file [/Users/bear059/Documents/DevSources/HiBall_Prototype_Video/target/classes/com/hiball/api/services/code/service/impl/CodeServiceImpl.class], file [/Users/bear059/Documents/DevSources/HiBall_Prototype_Video/target/classes/com/hiball/api/services/code/service/CodeService.class], file [/Users/bear059/Documents/DevSources/HiBall_Prototype_Video/target/classes/com/hiball/api/services/game/dao/impl/GameScheduleDaoImpl.class], file [/Users/bear059/Documents/DevSources/HiBall_Prototype_Video/target/classes/com/hiball/api/services/game/dao/GameScheduleDao.class], file [/Users/bear059/Documents/DevSources/HiBall_Prototype_Video/target/classes/com/hiball/api/services/game/service/GameScheduleService.class], file [/Users/bear059/Documents/DevSources/HiBall_Prototype_Video/target/classes/com/hiball/api/services/game/service/impl/GameScheduleServiceImpl.class]]
[2019/06/30 15:18:31.710] &lt;Hiball_Video&gt; DEBUG o.s.c.a.ClassPathBeanDefinitionScanner - Identified candidate component class: file [/Users/bear059/Documents/DevSources/HiBall_Prototype_Video/target/classes/com/hiball/api/controller/CallAPIController.class]
[2019/06/30 15:18:31.714] &lt;Hiball_Video&gt; DEBUG o.s.c.a.ClassPathBeanDefinitionScanner - Identified candidate component class: file [/Users/bear059/Documents/DevSources/HiBall_Prototype_Video/target/classes/com/hiball/api/services/code/dao/impl/CodeDaoImpl.class]
[2019/06/30 15:18:31.716] &lt;Hiball_Video&gt; DEBUG o.s.c.a.ClassPathBeanDefinitionScanner - Identified candidate component class: file [/Users/bear059/Documents/DevSources/HiBall_Prototype_Video/target/classes/com/hiball/api/services/code/service/impl/CodeServiceImpl.class]
[2019/06/30 15:18:31.717] &lt;Hiball_Video&gt; DEBUG o.s.c.a.ClassPathBeanDefinitionScanner - Identified candidate component class: file [/Users/bear059/Documents/DevSources/HiBall_Prototype_Video/target/classes/com/hiball/api/services/game/dao/impl/GameScheduleDaoImpl.class]
[2019/06/30 15:18:31.718] &lt;Hiball_Video&gt; DEBUG o.s.c.a.ClassPathBeanDefinitionScanner - Identified candidate component class: file [/Users/bear059/Documents/DevSources/HiBall_Prototype_Video/target/classes/com/hiball/api/services/game/service/impl/GameScheduleServiceImpl.class]
[2019/06/30 15:18:31.737] &lt;Hiball_Video&gt; DEBUG o.s.b.f.x.BeanDefinitionParserDelegate - Neither XML &apos;id&apos; nor &apos;name&apos; specified - using generated bean name [org.springframework.web.servlet.view.BeanNameViewResolver#67d48005]
[2019/06/30 15:18:31.738] &lt;Hiball_Video&gt; DEBUG o.s.b.f.x.BeanDefinitionParserDelegate - Neither XML &apos;id&apos; nor &apos;name&apos; specified - using generated bean name [org.springframework.web.servlet.view.InternalResourceViewResolver#9f116cc]
[2019/06/30 15:18:31.739] &lt;Hiball_Video&gt; DEBUG o.s.b.f.x.BeanDefinitionParserDelegate - Neither XML &apos;id&apos; nor &apos;name&apos; specified - using generated bean name [org.springframework.web.servlet.view.ContentNegotiatingViewResolver#0]
[2019/06/30 15:18:31.742] &lt;Hiball_Video&gt; DEBUG o.s.b.f.x.BeanDefinitionParserDelegate - Neither XML &apos;id&apos; nor &apos;name&apos; specified - using generated bean name [com.hiball.web.common.intercepter.ApiIntercepter#0]
[2019/06/30 15:18:31.746] &lt;Hiball_Video&gt; DEBUG o.s.b.f.x.BeanDefinitionParserDelegate - Neither XML &apos;id&apos; nor &apos;name&apos; specified - using generated bean name [com.hiball.web.common.intercepter.ApiIntercepter#0]
[2019/06/30 15:18:31.747] &lt;Hiball_Video&gt; INFO  o.s.b.f.xml.XmlBeanDefinitionReader - Loading XML bean definitions from class path resource [config/context-mybatis.xml]
[2019/06/30 15:18:31.749] &lt;Hiball_Video&gt; DEBUG o.s.b.f.xml.DefaultDocumentLoader - Using JAXP provider [com.sun.org.apache.xerces.internal.jaxp.DocumentBuilderFactoryImpl]
[2019/06/30 15:18:31.751] &lt;Hiball_Video&gt; DEBUG o.s.b.f.xml.PluggableSchemaResolver - Found XML schema [http://www.springframework.org/schema/beans/spring-beans-3.1.xsd] in classpath: org/springframework/beans/factory/xml/spring-beans-3.1.xsd
[2019/06/30 15:18:31.797] &lt;Hiball_Video&gt; DEBUG o.s.b.f.xml.PluggableSchemaResolver - Found XML schema [http://www.springframework.org/schema/tx/spring-tx-3.1.xsd] in classpath: org/springframework/transaction/config/spring-tx-3.1.xsd
[2019/06/30 15:18:31.801] &lt;Hiball_Video&gt; DEBUG o.s.b.f.xml.PluggableSchemaResolver - Found XML schema [http://www.springframework.org/schema/tool/spring-tool-3.1.xsd] in classpath: org/springframework/beans/factory/xml/spring-tool-3.1.xsd
[2019/06/30 15:18:31.806] &lt;Hiball_Video&gt; DEBUG o.s.b.f.x.DefaultBeanDefinitionDocumentReader - Loading bean definitions
[2019/06/30 15:18:31.808] &lt;Hiball_Video&gt; DEBUG o.s.b.f.x.BeanDefinitionParserDelegate - Neither XML &apos;id&apos; nor &apos;name&apos; specified - using generated bean name [org.mybatis.spring.mapper.MapperScannerConfigurer#0]
[2019/06/30 15:18:31.841] &lt;Hiball_Video&gt; DEBUG o.s.b.f.xml.XmlBeanDefinitionReader - Loaded 10 bean definitions from location pattern [classpath:config/context-mybatis.xml]
[2019/06/30 15:18:31.842] &lt;Hiball_Video&gt; DEBUG o.s.b.f.x.DefaultBeanDefinitionDocumentReader - Imported 10 bean definitions from URL location [classpath:config/context-mybatis.xml]
[2019/06/30 15:18:31.843] &lt;Hiball_Video&gt; DEBUG o.s.b.f.xml.XmlBeanDefinitionReader - Loaded 47 bean definitions from location pattern [classpath:/config/spring-config-root.xml]
[2019/06/30 15:18:31.847] &lt;Hiball_Video&gt; INFO  o.s.c.s.GenericApplicationContext - Refreshing org.springframework.context.support.GenericApplicationContext@13c27452: startup date [Sun Jun 30 15:18:31 KST 2019]; root of context hierarchy
[2019/06/30 15:18:31.848] &lt;Hiball_Video&gt; DEBUG o.s.c.s.GenericApplicationContext - Bean factory for org.springframework.context.support.GenericApplicationContext@13c27452: org.springframework.beans.factory.support.DefaultListableBeanFactory@55183b20: defining beans [mvcContentNegotiationManager,org.springframework.web.servlet.mvc.method.annotation.RequestMappingHandlerMapping#0,org.springframework.format.support.FormattingConversionServiceFactoryBean#0,org.springframework.web.servlet.mvc.method.annotation.RequestMappingHandlerAdapter#0,mvcUriComponentsContributor,org.springframework.web.servlet.handler.MappedInterceptor#0,org.springframework.web.servlet.mvc.method.annotation.ExceptionHandlerExceptionResolver#0,org.springframework.web.servlet.mvc.annotation.ResponseStatusExceptionResolver#0,org.springframework.web.servlet.mvc.support.DefaultHandlerExceptionResolver#0,org.springframework.web.servlet.handler.BeanNameUrlHandlerMapping,org.springframework.web.servlet.mvc.HttpRequestHandlerAdapter,org.springframework.web.servlet.mvc.SimpleControllerHandlerAdapter,systemConstantsDao,systemConstantsService,apiIntgrationService,multiRetrieveService,indexController,callAPIController,codeDao,codeService,gameScheduleDao,gameScheduleService,org.springframework.context.annotation.internalConfigurationAnnotationProcessor,org.springframework.context.annotation.internalAutowiredAnnotationProcessor,org.springframework.context.annotation.internalRequiredAnnotationProcessor,org.springframework.context.annotation.internalCommonAnnotationProcessor,org.springframework.web.servlet.resource.ResourceHttpRequestHandler#0,org.springframework.web.servlet.handler.SimpleUrlHandlerMapping#0,org.springframework.web.servlet.resource.ResourceHttpRequestHandler#1,org.springframework.web.servlet.handler.SimpleUrlHandlerMapping#1,org.springframework.web.servlet.resource.ResourceHttpRequestHandler#2,org.springframework.web.servlet.handler.SimpleUrlHandlerMapping#2,org.springframework.web.servlet.view.ContentNegotiatingViewResolver#0,jsonTypeView,exceptionResolver,org.springframework.web.servlet.handler.MappedInterceptor#1,org.springframework.web.servlet.handler.MappedInterceptor#2,org.mybatis.spring.mapper.MapperScannerConfigurer#0,jdbcProp,dataSource,sqlSessionFactory,sqlSession,transactionManager,org.springframework.aop.config.internalAutoProxyCreator,org.springframework.transaction.annotation.AnnotationTransactionAttributeSource#0,org.springframework.transaction.interceptor.TransactionInterceptor#0,org.springframework.transaction.config.internalTransactionAdvisor]; root of factory hierarchy
[2019/06/30 15:18:31.889] &lt;Hiball_Video&gt; DEBUG o.s.b.f.s.DefaultListableBeanFactory - Creating shared instance of singleton bean &apos;org.springframework.context.annotation.internalConfigurationAnnotationProcessor&apos;
[2019/06/30 15:18:31.890] &lt;Hiball_Video&gt; DEBUG o.s.b.f.s.DefaultListableBeanFactory - Creating instance of bean &apos;org.springframework.context.annotation.internalConfigurationAnnotationProcessor&apos;
[2019/06/30 15:18:31.908] &lt;Hiball_Video&gt; DEBUG o.s.b.f.s.DefaultListableBeanFactory - Eagerly caching bean &apos;org.springframework.context.annotation.internalConfigurationAnnotationProcessor&apos; to allow for resolving potential circular references
[2019/06/30 15:18:31.911] &lt;Hiball_Video&gt; DEBUG o.s.b.f.s.DefaultListableBeanFactory - Finished creating instance of bean &apos;org.springframework.context.annotation.internalConfigurationAnnotationProcessor&apos;
[2019/06/30 15:18:32.027] &lt;Hiball_Video&gt; DEBUG o.s.b.f.s.DefaultListableBeanFactory - Creating shared instance of singleton bean &apos;org.mybatis.spring.mapper.MapperScannerConfigurer#0&apos;
[2019/06/30 15:18:32.027] &lt;Hiball_Video&gt; DEBUG o.s.b.f.s.DefaultListableBeanFactory - Creating instance of bean &apos;org.mybatis.spring.mapper.MapperScannerConfigurer#0&apos;
[2019/06/30 15:18:32.028] &lt;Hiball_Video&gt; DEBUG o.s.b.f.s.DefaultListableBeanFactory - Eagerly caching bean &apos;org.mybatis.spring.mapper.MapperScannerConfigurer#0&apos; to allow for resolving potential circular references
[2019/06/30 15:18:32.059] &lt;Hiball_Video&gt; DEBUG o.s.b.f.s.DefaultListableBeanFactory - Invoking afterPropertiesSet() on bean with name &apos;org.mybatis.spring.mapper.MapperScannerConfigurer#0&apos;
[2019/06/30 15:18:32.062] &lt;Hiball_Video&gt; DEBUG o.s.b.f.s.DefaultListableBeanFactory - Finished creating instance of bean &apos;org.mybatis.spring.mapper.MapperScannerConfigurer#0&apos;
[2019/06/30 15:18:32.065] &lt;Hiball_Video&gt; DEBUG o.s.core.env.StandardEnvironment - Initializing new StandardEnvironment
[2019/06/30 15:18:32.065] &lt;Hiball_Video&gt; DEBUG o.s.core.env.StandardEnvironment - Adding [systemProperties] PropertySource with lowest search precedence
[2019/06/30 15:18:32.066] &lt;Hiball_Video&gt; DEBUG o.s.core.env.StandardEnvironment - Adding [systemEnvironment] PropertySource with lowest search precedence
[2019/06/30 15:18:32.066] &lt;Hiball_Video&gt; DEBUG o.s.core.env.StandardEnvironment - Initialized StandardEnvironment with PropertySources [systemProperties,systemEnvironment]
[2019/06/30 15:18:32.069] &lt;Hiball_Video&gt; DEBUG o.s.c.i.s.PathMatchingResourcePatternResolver - Resolved location pattern [classpath*:classpath:sqlMap/**/*.class] to resources []
[2019/06/30 15:18:32.069] &lt;Hiball_Video&gt; WARN  o.m.s.m.MapperScannerConfigurer$Scanner - No MyBatis mapper was found in &apos;classpath:sqlMap&apos; package. Please check your configuration.
[2019/06/30 15:18:32.075] &lt;Hiball_Video&gt; DEBUG o.s.b.f.s.DefaultListableBeanFactory - Creating shared instance of singleton bean &apos;jdbcProp&apos;
[2019/06/30 15:18:32.075] &lt;Hiball_Video&gt; DEBUG o.s.b.f.s.DefaultListableBeanFactory - Creating instance of bean &apos;jdbcProp&apos;
[2019/06/30 15:18:32.077] &lt;Hiball_Video&gt; DEBUG o.s.b.f.s.DefaultListableBeanFactory - Eagerly caching bean &apos;jdbcProp&apos; to allow for resolving potential circular references
[2019/06/30 15:18:32.087] &lt;Hiball_Video&gt; DEBUG o.s.b.f.s.DefaultListableBeanFactory - Finished creating instance of bean &apos;jdbcProp&apos;
[2019/06/30 15:18:32.088] &lt;Hiball_Video&gt; INFO  o.s.b.f.c.PropertyPlaceholderConfigurer - Loading properties file from class path resource [jdbc.properties]
[2019/06/30 15:18:32.097] &lt;Hiball_Video&gt; DEBUG o.s.b.f.s.DefaultListableBeanFactory - Creating shared instance of singleton bean &apos;org.springframework.context.annotation.internalAutowiredAnnotationProcessor&apos;
[2019/06/30 15:18:32.098] &lt;Hiball_Video&gt; DEBUG o.s.b.f.s.DefaultListableBeanFactory - Creating instance of bean &apos;org.springframework.context.annotation.internalAutowiredAnnotationProcessor&apos;
[2019/06/30 15:18:32.100] &lt;Hiball_Video&gt; DEBUG o.s.b.f.s.DefaultListableBeanFactory - Eagerly caching bean &apos;org.springframework.context.annotation.internalAutowiredAnnotationProcessor&apos; to allow for resolving potential circular references
[2019/06/30 15:18:32.100] &lt;Hiball_Video&gt; DEBUG o.s.b.f.s.DefaultListableBeanFactory - Finished creating instance of bean &apos;org.springframework.context.annotation.internalAutowiredAnnotationProcessor&apos;
[2019/06/30 15:18:32.101] &lt;Hiball_Video&gt; DEBUG o.s.b.f.s.DefaultListableBeanFactory - Creating shared instance of singleton bean &apos;org.springframework.context.annotation.internalRequiredAnnotationProcessor&apos;
[2019/06/30 15:18:32.101] &lt;Hiball_Video&gt; DEBUG o.s.b.f.s.DefaultListableBeanFactory - Creating instance of bean &apos;org.springframework.context.annotation.internalRequiredAnnotationProcessor&apos;
[2019/06/30 15:18:32.102] &lt;Hiball_Video&gt; DEBUG o.s.b.f.s.DefaultListableBeanFactory - Eagerly caching bean &apos;org.springframework.context.annotation.internalRequiredAnnotationProcessor&apos; to allow for resolving potential circular references
[2019/06/30 15:18:32.102] &lt;Hiball_Video&gt; DEBUG o.s.b.f.s.DefaultListableBeanFactory - Finished creating instance of bean &apos;org.springframework.context.annotation.internalRequiredAnnotationProcessor&apos;
[2019/06/30 15:18:32.102] &lt;Hiball_Video&gt; DEBUG o.s.b.f.s.DefaultListableBeanFactory - Creating shared instance of singleton bean &apos;org.springframework.context.annotation.internalCommonAnnotationProcessor&apos;
[2019/06/30 15:18:32.102] &lt;Hiball_Video&gt; DEBUG o.s.b.f.s.DefaultListableBeanFactory - Creating instance of bean &apos;org.springframework.context.annotation.internalCommonAnnotationProcessor&apos;
[2019/06/30 15:18:32.108] &lt;Hiball_Video&gt; DEBUG o.s.b.f.s.DefaultListableBeanFactory - Eagerly caching bean &apos;org.springframework.context.annotation.internalCommonAnnotationProcessor&apos; to allow for resolving potential circular references
[2019/06/30 15:18:32.108] &lt;Hiball_Video&gt; DEBUG o.s.b.f.s.DefaultListableBeanFactory - Finished creating instance of bean &apos;org.springframework.context.annotation.internalCommonAnnotationProcessor&apos;
[2019/06/30 15:18:32.108] &lt;Hiball_Video&gt; DEBUG o.s.b.f.s.DefaultListableBeanFactory - Creating shared instance of singleton bean &apos;org.springframework.context.annotation.ConfigurationClassPostProcessor.importAwareProcessor&apos;
[2019/06/30 15:18:32.109] &lt;Hiball_Video&gt; DEBUG o.s.b.f.s.DefaultListableBeanFactory - Creating instance of bean &apos;org.springframework.context.annotation.ConfigurationClassPostProcessor.importAwareProcessor&apos;
[2019/06/30 15:18:32.109] &lt;Hiball_Video&gt; DEBUG o.s.b.f.s.DefaultListableBeanFactory - Eagerly caching bean &apos;org.springframework.context.annotation.ConfigurationClassPostProcessor.importAwareProcessor&apos; to allow for resolving potential circular references
[2019/06/30 15:18:32.109] &lt;Hiball_Video&gt; DEBUG o.s.b.f.s.DefaultListableBeanFactory - Finished creating instance of bean &apos;org.springframework.context.annotation.ConfigurationClassPostProcessor.importAwareProcessor&apos;
[2019/06/30 15:18:32.110] &lt;Hiball_Video&gt; DEBUG o.s.b.f.s.DefaultListableBeanFactory - Creating shared instance of singleton bean &apos;org.springframework.context.annotation.ConfigurationClassPostProcessor.enhancedConfigurationProcessor&apos;
[2019/06/30 15:18:32.110] &lt;Hiball_Video&gt; DEBUG o.s.b.f.s.DefaultListableBeanFactory - Creating instance of bean &apos;org.springframework.context.annotation.ConfigurationClassPostProcessor.enhancedConfigurationProcessor&apos;
[2019/06/30 15:18:32.110] &lt;Hiball_Video&gt; DEBUG o.s.b.f.s.DefaultListableBeanFactory - Eagerly caching bean &apos;org.springframework.context.annotation.ConfigurationClassPostProcessor.enhancedConfigurationProcessor&apos; to allow for resolving potential circular references
[2019/06/30 15:18:32.110] &lt;Hiball_Video&gt; DEBUG o.s.b.f.s.DefaultListableBeanFactory - Finished creating instance of bean &apos;org.springframework.context.annotation.ConfigurationClassPostProcessor.enhancedConfigurationProcessor&apos;
[2019/06/30 15:18:32.111] &lt;Hiball_Video&gt; DEBUG o.s.b.f.s.DefaultListableBeanFactory - Creating shared instance of singleton bean &apos;org.springframework.aop.config.internalAutoProxyCreator&apos;
[2019/06/30 15:18:32.111] &lt;Hiball_Video&gt; DEBUG o.s.b.f.s.DefaultListableBeanFactory - Creating instance of bean &apos;org.springframework.aop.config.internalAutoProxyCreator&apos;
[2019/06/30 15:18:32.123] &lt;Hiball_Video&gt; DEBUG o.s.b.f.s.DefaultListableBeanFactory - Eagerly caching bean &apos;org.springframework.aop.config.internalAutoProxyCreator&apos; to allow for resolving potential circular references
[2019/06/30 15:18:32.142] &lt;Hiball_Video&gt; DEBUG o.s.b.f.s.DefaultListableBeanFactory - Finished creating instance of bean &apos;org.springframework.aop.config.internalAutoProxyCreator&apos;
[2019/06/30 15:18:32.176] &lt;Hiball_Video&gt; DEBUG o.s.c.s.GenericApplicationContext - Unable to locate MessageSource with name &apos;messageSource&apos;: using default [org.springframework.context.support.DelegatingMessageSource@7fee8714]
[2019/06/30 15:18:32.179] &lt;Hiball_Video&gt; DEBUG o.s.c.s.GenericApplicationContext - Unable to locate ApplicationEventMulticaster with name &apos;applicationEventMulticaster&apos;: using default [org.springframework.context.event.SimpleApplicationEventMulticaster@47987356]
[2019/06/30 15:18:32.194] &lt;Hiball_Video&gt; DEBUG o.s.b.f.s.DefaultListableBeanFactory - Pre-instantiating singletons in org.springframework.beans.factory.support.DefaultListableBeanFactory@55183b20: defining beans [mvcContentNegotiationManager,org.springframework.web.servlet.mvc.method.annotation.RequestMappingHandlerMapping#0,org.springframework.format.support.FormattingConversionServiceFactoryBean#0,org.springframework.web.servlet.mvc.method.annotation.RequestMappingHandlerAdapter#0,mvcUriComponentsContributor,org.springframework.web.servlet.handler.MappedInterceptor#0,org.springframework.web.servlet.mvc.method.annotation.ExceptionHandlerExceptionResolver#0,org.springframework.web.servlet.mvc.annotation.ResponseStatusExceptionResolver#0,org.springframework.web.servlet.mvc.support.DefaultHandlerExceptionResolver#0,org.springframework.web.servlet.handler.BeanNameUrlHandlerMapping,org.springframework.web.servlet.mvc.HttpRequestHandlerAdapter,org.springframework.web.servlet.mvc.SimpleControllerHandlerAdapter,systemConstantsDao,systemConstantsService,apiIntgrationService,multiRetrieveService,indexController,callAPIController,codeDao,codeService,gameScheduleDao,gameScheduleService,org.springframework.context.annotation.internalConfigurationAnnotationProcessor,org.springframework.context.annotation.internalAutowiredAnnotationProcessor,org.springframework.context.annotation.internalRequiredAnnotationProcessor,org.springframework.context.annotation.internalCommonAnnotationProcessor,org.springframework.web.servlet.resource.ResourceHttpRequestHandler#0,org.springframework.web.servlet.handler.SimpleUrlHandlerMapping#0,org.springframework.web.servlet.resource.ResourceHttpRequestHandler#1,org.springframework.web.servlet.handler.SimpleUrlHandlerMapping#1,org.springframework.web.servlet.resource.ResourceHttpRequestHandler#2,org.springframework.web.servlet.handler.SimpleUrlHandlerMapping#2,org.springframework.web.servlet.view.ContentNegotiatingViewResolver#0,jsonTypeView,exceptionResolver,org.springframework.web.servlet.handler.MappedInterceptor#1,org.springframework.web.servlet.handler.MappedInterceptor#2,org.mybatis.spring.mapper.MapperScannerConfigurer#0,jdbcProp,dataSource,sqlSessionFactory,sqlSession,transactionManager,org.springframework.aop.config.internalAutoProxyCreator,org.springframework
[...]
[2019/06/30 15:18:34.703] &lt;Hiball_Video&gt; DEBUG o.s.b.f.s.DefaultListableBeanFactory - Creating instance of bean &apos;multiRetrieveService&apos;
[2019/06/30 15:18:34.706] &lt;Hiball_Video&gt; DEBUG o.s.b.f.s.DefaultListableBeanFactory - Eagerly caching bean &apos;multiRetrieveService&apos; to allow for resolving potential circular references
[2019/06/30 15:18:34.709] &lt;Hiball_Video&gt; DEBUG o.s.b.f.s.DefaultListableBeanFactory - Returning cached instance of singleton bean &apos;org.springframework.transaction.config.internalTransactionAdvisor&apos;
[2019/06/30 15:18:34.710] &lt;Hiball_Video&gt; DEBUG o.s.b.f.s.DefaultListableBeanFactory - Finished creating instance of bean &apos;multiRetrieveService&apos;
[2019/06/30 15:18:34.710] &lt;Hiball_Video&gt; DEBUG o.s.b.f.a.AutowiredAnnotationBeanPostProcessor - Autowiring by type from bean name &apos;systemConstantsService&apos; to bean named &apos;multiRetrieveService&apos;
[2019/06/30 15:18:34.710] &lt;Hiball_Video&gt; DEBUG o.s.b.f.annotation.InjectionMetadata - Processing injected method of bean &apos;systemConstantsService&apos;: AutowiredFieldElement for com.hiball.web.common.dao.SystemConstantsDao com.hiball.web.common.service.impl.SystemConstantsServiceImpl.systemConstantsDao
[2019/06/30 15:18:34.711] &lt;Hiball_Video&gt; DEBUG o.s.b.f.s.DefaultListableBeanFactory - Returning cached instance of singleton bean &apos;systemConstantsDao&apos;
[2019/06/30 15:18:34.711] &lt;Hiball_Video&gt; DEBUG o.s.b.f.a.AutowiredAnnotationBeanPostProcessor - Autowiring by type from bean name &apos;systemConstantsService&apos; to bean named &apos;systemConstantsDao&apos;
[2019/06/30 15:18:34.711] &lt;Hiball_Video&gt; DEBUG o.s.b.f.s.DefaultListableBeanFactory - Returning cached instance of singleton bean &apos;org.springframework.transaction.config.internalTransactionAdvisor&apos;
[2019/06/30 15:18:34.712] &lt;Hiball_Video&gt; DEBUG o.s.b.f.s.DefaultListableBeanFactory - Finished creating instance of bean &apos;systemConstantsService&apos;
[2019/06/30 15:18:34.712] &lt;Hiball_Video&gt; DEBUG o.s.b.f.s.DefaultListableBeanFactory - Creating shared instance of singleton bean &apos;apiIntgrationService&apos;
[2019/06/30 15:18:34.712] &lt;Hiball_Video&gt; DEBUG o.s.b.f.s.DefaultListableBeanFactory - Creating instance of bean &apos;apiIntgrationService&apos;
[2019/06/30 15:18:34.715] &lt;Hiball_Video&gt; DEBUG o.s.b.f.annotation.InjectionMetadata - Registered injected element on class [com.hiball.web.common.service.impl.APIIntegrationServiceImpl]: AutowiredFieldElement for org.springframework.context.ApplicationContext com.hiball.web.common.service.impl.APIIntegrationServiceImpl.appCxt
[2019/06/30 15:18:34.715] &lt;Hiball_Video&gt; DEBUG o.s.b.f.annotation.InjectionMetadata - Registered injected element on class [com.hiball.web.common.service.impl.APIIntegrationServiceImpl]: AutowiredFieldElement for javax.servlet.ServletContext com.hiball.web.common.service.impl.APIIntegrationServiceImpl.servletContext
[2019/06/30 15:18:34.716] &lt;Hiball_Video&gt; DEBUG o.s.b.f.s.DefaultListableBeanFactory - Eagerly caching bean &apos;apiIntgrationService&apos; to allow for resolving potential circular references
[2019/06/30 15:18:34.718] &lt;Hiball_Video&gt; DEBUG o.s.b.f.annotation.InjectionMetadata - Processing injected method of bean &apos;apiIntgrationService&apos;: AutowiredFieldElement for org.springframework.context.ApplicationContext com.hiball.web.common.service.impl.APIIntegrationServiceImpl.appCxt
[2019/06/30 15:18:34.718] &lt;Hiball_Video&gt; DEBUG o.s.b.f.a.AutowiredAnnotationBeanPostProcessor - Autowiring by type from bean name &apos;apiIntgrationService&apos; to bean named &apos;org.springframework.context.support.GenericApplicationContext@13c27452&apos;
[2019/06/30 15:18:34.719] &lt;Hiball_Video&gt; DEBUG o.s.b.f.annotation.InjectionMetadata - Processing injected method of bean &apos;apiIntgrationService&apos;: AutowiredFieldElement for javax.servlet.ServletContext com.hiball.web.common.service.impl.APIIntegrationServiceImpl.servletContext
[2019/06/30 15:18:34.720] &lt;Hiball_Video&gt; DEBUG o.s.b.f.s.DefaultListableBeanFactory - Destroying singletons in org.springframework.beans.factory.support.DefaultListableBeanFactory@55183b20: defining beans [mvcContentNegotiationManager,org.springframework.web.servlet.mvc.method.annotation.RequestMappingHandlerMapping#0,org.springframework.format.support.FormattingConversionServiceFactoryBean#0,org.springframework.web.servlet.mvc.method.annotation.RequestMappingHandlerAdapter#0,mvcUriComponentsContributor,org.springframework.web.servlet.handler.MappedInterceptor#0,org.springframework.web.servlet.mvc.method.annotation.ExceptionHandlerExceptionResolver#0,org.springframework.web.servlet.mvc.annotation.ResponseStatusExceptionResolver#0,org.springframework.web.servlet.mvc.support.DefaultHandlerExceptionResolver#0,org.springframework.web.servlet.handler.BeanNameUrlHandlerMapping,org.springframework.web.servlet.mvc.HttpRequestHandlerAdapter,org.springframework.web.servlet.mvc.SimpleControllerHandlerAdapter,systemConstantsDao,systemConstantsService,apiIntgrationService,multiRetrieveService,indexController,callAPIController,codeDao,codeService,gameScheduleDao,gameScheduleService,org.springframework.context.annotation.internalConfigurationAnnotationProcessor,org.springframework.context.annotation.internalAutowiredAnnotationProcessor,org.springframework.context.annotation.internalRequiredAnnotationProcessor,org.springframework.context.annotation.internalCommonAnnotationProcessor,org.springframework.web.servlet.resource.ResourceHttpRequestHandler#0,org.springframework.web.servlet.handler.SimpleUrlHandlerMapping#0,org.springframework.web.servlet.resource.ResourceHttpRequestHandler#1,org.springframework.web.servlet.handler.SimpleUrlHandlerMapping#1,org.springframework.web.servlet.resource.ResourceHttpRequestHandler#2,org.springframework.web.servlet.handler.SimpleUrlHandlerMapping#2,org.springframework.web.servlet.view.ContentNegotiatingViewResolver#0,jsonTypeView,exceptionResolver,org.springframework.web.servlet.handler.MappedInterceptor#1,org.springframework.web.servlet.handler.MappedInterceptor#2,org.mybatis.spring.mapper.MapperScannerConfigurer#0,jdbcProp,dataSource,sqlSessionFactory,sqlSession,transactionManager,org.springframework.aop.config.internalAutoProxyCreator,org.springframework.transaction.annotation.AnnotationTransactionAttributeSource#0,org.springframework.transaction.interceptor.TransactionInterceptor#0,org.springframework.transaction.config.internalTransactionAdvisor,org.springframework.context.annotation.ConfigurationClassPostProcessor.importAwareProcessor,org.springframework.context.annotation.ConfigurationClassPostProcessor.enhancedConfigurationProcessor]; root of factory hierarchy
[2019/06/30 15:18:34.721] &lt;Hiball_Video&gt; DEBUG o.s.b.f.s.DisposableBeanAdapter - Invoking destroy method &apos;clearCache&apos; on bean with name &apos;sqlSession&apos;
[2019/06/30 15:18:34.725] &lt;Hiball_Video&gt; DEBUG org.mybatis.spring.SqlSessionUtils - Creating a new SqlSession
[2019/06/30 15:18:34.746] &lt;Hiball_Video&gt; DEBUG org.mybatis.spring.SqlSessionUtils - SqlSession [org.apache.ibatis.session.defaults.DefaultSqlSession@66ce957f] was not registered for synchronization because synchronization is not active
[2019/06/30 15:18:34.747] &lt;Hiball_Video&gt; DEBUG org.mybatis.spring.SqlSessionUtils - Closing non transactional SqlSession [org.apache.ibatis.session.defaults.DefaultSqlSession@66ce957f]
[2019/06/30 15:18:34.752] &lt;Hiball_Video&gt; DEBUG o.s.b.f.s.DisposableBeanAdapter - Invoking destroy method &apos;close&apos; on bean with name &apos;dataSource&apos;
[2019/06/30 15:18:34.753] &lt;Hiball_Video&gt; DEBUG o.s.b.f.s.DefaultListableBeanFactory - Retrieved dependent beans for bean &apos;(inner bean)#18&apos;: [org.springframework.web.servlet.mvc.method.annotation.ExceptionHandlerExceptionResolver#0]
[2019/06/30 15:18:34.756] &lt;Hiball_Video&gt; DEBUG o.s.b.f.s.DefaultListableBeanFactory - Retrieved dependent beans for bean &apos;(inner bean)#9&apos;: [mvcUriComponentsContributor]
[2019/06/30 15:18:34.756] &lt;Hiball_Video&gt; DEBUG o.s.b.f.s.DefaultListableBeanFactory - Retrieved dependent beans for bean &apos;(inner bean)#10&apos;: [(inner bean)#9]
[2019/06/30 15:18:34.756] &lt;Hiball_Video&gt; DEBUG o.s.b.f.s.DefaultListableBeanFactory - Retrieved dependent beans for bean &apos;(inner bean)#1&apos;: [org.springframework.web.servlet.mvc.method.annotation.RequestMappingHandlerAdapter#0]
[2019/06/30 15:18:34.757] &lt;Hiball_Video&gt; DEBUG o.s.b.f.s.DefaultListableBeanFactory - Retrieved dependent beans for bean &apos;com.hiball.web.common.intercepter.ApiIntercepter#0#1&apos;: [org.springframework.web.servlet.handler.MappedInterceptor#2]
[2019/06/30 15:18:34.757] &lt;Hiball_Video&gt; DEBUG o.s.b.f.s.DefaultListableBeanFactory - Retrieved dependent beans for bean &apos;com.hiball.web.common.intercepter.ApiIntercepter#0&apos;: [org.springframework.web.servlet.handler.MappedInterceptor#1]
[2019/06/30 15:18:34.757] &lt;Hiball_Video&gt; DEBUG o.s.b.f.s.DefaultListableBeanFactory - Retrieved dependent beans for bean &apos;(inner bean)&apos;: [org.springframework.web.servlet.handler.MappedInterceptor#0]
[2019/06/30 15:18:34.769] &lt;Hiball_Video&gt; ERROR o.s.test.context.TestContextManager - Caught exception while allowing TestExecutionListener [org.springframework.test.context.support.DependencyInjectionTestExecutionListener@4a3329b9] to prepare test instance [com.hiball.web.test.CallAPIControllerTest@467aecef]
java.lang.IllegalStateException: Failed to load ApplicationContext
	at org.springframework.test.context.CacheAwareContextLoaderDelegate.loadContext(CacheAwareContextLoaderDelegate.java:99) ~[spring-test-4.0.1.RELEASE.jar:4.0.1.RELEASE]
	at org.springframework.test.context.DefaultTestContext.getApplicationContext(DefaultTestContext.java:101) ~[spring-test-4.0.1.RELEASE.jar:4.0.1.RELEASE]
	at org.springframework.test.context.support.DependencyInjectionTestExecutionListener.injectDependencies(DependencyInjectionTestExecutionListener.java:109) ~[spring-test-4.0.1.RELEASE.jar:4.0.1.RELEASE]
	at org.springframework.test.context.support.DependencyInjectionTestExecutionListener.prepareTestInstance(DependencyInjectionTestExecutionListener.java:75) ~[spring-test-4.0.1.RELEASE.jar:4.0.1.RELEASE]
	at org.springframework.test.context.TestContextManager.prepareTestInstance(TestContextManager.java:319) ~[spring-test-4.0.1.RELEASE.jar:4.0.1.RELEASE]
	at org.springframework.test.context.junit4.SpringJUnit4ClassRunner.createTest(SpringJUnit4ClassRunner.java:212) [spring-test-4.0.1.RELEASE.jar:4.0.1.RELEASE]
	at org.springframework.test.context.junit4.SpringJUnit4ClassRunner$1.runReflectiveCall(SpringJUnit4ClassRunner.java:289) [spring-test-4.0.1.RELEASE.jar:4.0.1.RELEASE]
	at org.junit.internal.runners.model.ReflectiveCallable.run(ReflectiveCallable.java:12) [junit-4.12.jar:4.12]
	at org.springframework.test.context.junit4.SpringJUnit4ClassRunner.methodBlock(SpringJUnit4ClassRunner.java:291) [spring-test-4.0.1.RELEASE.jar:4.0.1.RELEASE]
	at org.springframework.test.context.junit4.SpringJUnit4ClassRunner.runChild(SpringJUnit4ClassRunner.java:232) [spring-test-4.0.1.RELEASE.jar:4.0.1.RELEASE]
	at org.springframework.test.context.junit4.SpringJUnit4ClassRunner.runChild(SpringJUnit4ClassRunner.java:89) [spring-test-4.0.1.RELEASE.jar:4.0.1.RELEASE]
	at org.junit.runners.ParentRunner$3.run(ParentRunner.java:290) [junit-4.12.jar:4.12]
	at org.junit.runners.ParentRunner$1.schedule(ParentRunner.java:71) [junit-4.12.jar:4.12]
	at org.junit.runners.ParentRunner.runChildren(ParentRunner.java:288) [junit-4.12.jar:4.12]
	at org.junit.runners.ParentRunner.access$000(ParentRunner.java:58) [junit-4.12.jar:4.12]
	at org.junit.runners.ParentRunner$2.evaluate(ParentRunner.java:268) [junit-4.12.jar:4.12]
	at org.springframework.test.context.junit4.statements.RunBeforeTestClassCallbacks.evaluate(RunBeforeTestClassCallbacks.java:61) [spring-test-4.0.1.RELEASE.jar:4.0.1.RELEASE]
	at org.springframework.test.context.junit4.statements.RunAfterTestClassCallbacks.evaluate(RunAfterTestClassCallbacks.java:71) [spring-test-4.0.1.RELEASE.jar:4.0.1.RELEASE]
	at org.junit.runners.ParentRunner.run(ParentRunner.java:363) [junit-4.12.jar:4.12]
	at org.springframework.test.context.junit4.SpringJUnit4ClassRunner.run(SpringJUnit4ClassRunner.java:175) [spring-test-4.0.1.RELEASE.jar:4.0.1.RELEASE]
	at org.apache.maven.surefire.junit4.JUnit4Provider.execute(JUnit4Provider.java:252) [surefire-junit4-2.12.4.jar:2.12.4]
	at org.apache.maven.surefire.junit4.JUnit4Provider.executeTestSet(JUnit4Provider.java:141) [surefire-junit4-2.12.4.jar:2.12.4]
	at org.apache.maven.surefire.junit4.JUnit4Provider.invoke(JUnit4Provider.java:112) [surefire-junit4-2.12.4.jar:2.12.4]
	at sun.reflect.NativeMethodAccessorImpl.invoke0(Native Method) ~[na:1.8.0_201]
	at sun.reflect.NativeMethodAccessorImpl.invoke(NativeMethodAccessorImpl.java:62) ~[na:1.8.0_201]
	at sun.reflect.DelegatingMethodAccessorImpl.invoke(DelegatingMethodAccessorImpl.java:43) ~[na:1.8.0_201]
	at java.lang.reflect.Method.invoke(Method.java:498) ~[na:1.8.0_201]
	at org.apache.maven.surefire.util.ReflectionUtils.invokeMethodWithArray(ReflectionUtils.java:189) [surefire-api-2.12.4.jar:2.12.4]
	at org.apache.maven.surefire.booter.ProviderFactory$ProviderProxy.invoke(ProviderFactory.java:165) [surefire-booter-2.12.4.jar:2.12.4]
	at org.apache.maven.surefire.booter.ProviderFactory.invokeProvider(ProviderFactory.java:85) [surefire-booter-2.12.4.jar:2.12.4]
	at org.apache.maven.surefire.booter.ForkedBooter.runSuitesInProcess(ForkedBooter.java:115) [surefire-booter-2.12.4.jar:2.12.4]
	at org.apache.maven.surefire.booter.ForkedBooter.main(ForkedBooter.java:75) [surefire-booter-2.12.4.jar:2.12.4]
Caused by: org.springframework.beans.factory.BeanCreationException: Error creating bean with name &apos;apiIntgrationService&apos;: Injection of autowired dependencies failed; nested exception is org.springframework.beans.factory.BeanCreationException: Could not autowire field: javax.servlet.ServletContext com.hiball.web.common.service.impl.APIIntegrationServiceImpl.servletContext; nested exception is org.springframework.beans.factory.NoSuchBeanDefinitionException: No qualifying bean of type [javax.servlet.ServletContext] found for dependency: expected at least 1 bean which qualifies as autowire candidate for this dependency. Dependency annotations: {@org.springframework.beans.factory.annotation.Autowired(required=true)}
	at org.springframework.beans.factory.annotation.AutowiredAnnotationBeanPostProcessor.postProcessPropertyValues(AutowiredAnnotationBeanPostProcessor.java:292) ~[spring-beans-4.0.1.RELEASE.jar:4.0.1.RELEASE]
	at org.springframework.beans.factory.support.AbstractAutowireCapableBeanFactory.populateBean(AbstractAutowireCapableBeanFactory.java:1185) ~[spring-beans-4.0.1.RELEASE.jar:4.0.1.RELEASE]
	at org.springframework.beans.factory.support.AbstractAutowireCapableBeanFactory.doCreateBean(AbstractAutowireCapableBeanFactory.java:537) ~[spring-beans-4.0.1.RELEASE.jar:4.0.1.RELEASE]
	at org.springframework.beans.factory.support.AbstractAutowireCapableBeanFactory.createBean(AbstractAutowireCapableBeanFactory.java:475) ~[spring-beans-4.0.1.RELEASE.jar:4.0.1.RELEASE]
	at org.springframework.beans.factory.support.AbstractBeanFactory$1.getObject(AbstractBeanFactory.java:304) ~[spring-beans-4.0.1.RELEASE.jar:4.0.1.RELEASE]
	at org.springframework.beans.factory.support.DefaultSingletonBeanRegistry.getSingleton(DefaultSingletonBeanRegistry.java:228) ~[spring-beans-4.0.1.RELEASE.jar:4.0.1.RELEASE]
	at org.springframework.beans.factory.support.AbstractBeanFactory.doGetBean(AbstractBeanFactory.java:300) ~[spring-beans-4.0.1.RELEASE.jar:4.0.1.RELEASE]
	at org.springframework.beans.factory.support.AbstractBeanFactory.getBean(AbstractBeanFactory.java:195) ~[spring-beans-4.0.1.RELEASE.jar:4.0.1.RELEASE]
	at org.springframework.beans.factory.support.DefaultListableBeanFactory.preInstantiateSingletons(DefaultListableBeanFactory.java:700) ~[spring-beans-4.0.1.RELEASE.jar:4.0.1.RELEASE]
	at org.springframework.context.support.AbstractApplicationContext.finishBeanFactoryInitialization(AbstractApplicationContext.java:760) ~[spring-context-4.0.1.RELEASE.jar:4.0.1.RELEASE]
	at org.springframework.context.support.AbstractApplicationContext.refresh(AbstractApplicationContext.java:482) ~[spring-context-4.0.1.RELEASE.jar:4.0.1.RELEASE]
	at org.springframework.test.context.support.AbstractGenericContextLoader.loadContext(AbstractGenericContextLoader.java:121) ~[spring-test-4.0.1.RELEASE.jar:4.0.1.RELEASE]
	at org.springframework.test.context.support.AbstractGenericContextLoader.loadContext(AbstractGenericContextLoader.java:60) ~[spring-test-4.0.1.RELEASE.jar:4.0.1.RELEASE]
	at org.springframework.test.context.support.AbstractDelegatingSmartContextLoader.delegateLoading(AbstractDelegatingSmartContextLoader.java:100) ~[spring-test-4.0.1.RELEASE.jar:4.0.1.RELEASE]
	at org.springframework.test.context.support.AbstractDelegatingSmartContextLoader.loadContext(AbstractDelegatingSmartContextLoader.java:250) ~[spring-test-4.0.1.RELEASE.jar:4.0.1.RELEASE]
	at org.springframework.test.context.CacheAwareContextLoaderDelegate.loadContextInternal(CacheAwareContextLoaderDelegate.java:64) ~[spring-test-4.0.1.RELEASE.jar:4.0.1.RELEASE]
	at org.springframework.test.context.CacheAwareContextLoaderDelegate.loadContext(CacheAwareContextLoaderDelegate.java:91) ~[spring-test-4.0.1.RELEASE.jar:4.0.1.RELEASE]
	... 31 common frames omitted
Caused by: org.springframework.beans.factory.BeanCreationException: Could not autowire field: javax.servlet.ServletContext com.hiball.web.common.service.impl.APIIntegrationServiceImpl.servletContext; nested exception is org.springframework.beans.factory.NoSuchBeanDefinitionException: No qualifying bean of type [javax.servlet.ServletContext] found for dependency: expected at least 1 bean which qualifies as autowire candidate for this dependency. Dependency annotations: {@org.springframework.beans.factory.annotation.Autowired(required=true)}
	at org.springframework.beans.factory.annotation.AutowiredAnnotationBeanPostProcessor$AutowiredFieldElement.inject(AutowiredAnnotationBeanPostProcessor.java:508) ~[spring-beans-4.0.1.RELEASE.jar:4.0.1.RELEASE]
	at org.springframework.beans.factory.annotation.InjectionMetadata.inject(InjectionMetadata.java:87) ~[spring-beans-4.0.1.RELEASE.jar:4.0.1.RELEASE]
	at org.springframework.beans.factory.annotation.AutowiredAnnotationBeanPostProcessor.postProcessPropertyValues(AutowiredAnnotationBeanPostProcessor.java:289) ~[spring-beans-4.0.1.RELEASE.jar:4.0.1.RELEASE]
	... 47 common frames omitted
Caused by: org.springframework.beans.factory.NoSuchBeanDefinitionException: No qualifying bean of type [javax.servlet.ServletContext] found for dependency: expected at least 1 bean which qualifies as autowire candidate for this dependency. Dependency annotations: {@org.springframework.beans.factory.annotation.Autowired(required=true)}
	at org.springframework.beans.factory.support.DefaultListableBeanFactory.raiseNoSuchBeanDefinitionException(DefaultListableBeanFactory.java:1100) ~[spring-beans-4.0.1.RELEASE.jar:4.0.1.RELEASE]
	at org.springframework.beans.factory.support.DefaultListableBeanFactory.doResolveDependency(DefaultListableBeanFactory.java:960) ~[spring-beans-4.0.1.RELEASE.jar:4.0.1.RELEASE]
	at org.springframework.beans.factory.support.DefaultListableBeanFactory.resolveDependency(DefaultListableBeanFactory.java:855) ~[spring-beans-4.0.1.RELEASE.jar:4.0.1.RELEASE]
	at org.springframework.beans.factory.annotation.AutowiredAnnotationBeanPostProcessor$AutowiredFieldElement.inject(AutowiredAnnotationBeanPostProcessor.java:480) ~[spring-beans-4.0.1.RELEASE.jar:4.0.1.RELEASE]
	... 49 common frames omitted
</system-out>
  </testcase>
</testsuite>